<?xml version="1.0" encoding="UTF-8"?>
<coverage generated="1748746691146" clover="3.2.0">
  <project timestamp="1748746691146" name="All files">
    <metrics statements="372" coveredstatements="365" conditionals="189" coveredconditionals="171" methods="129" coveredmethods="126" elements="690" coveredelements="662" complexity="0" loc="372" ncloc="372" packages="2" files="9" classes="9"/>
    <package name="core">
      <metrics statements="371" coveredstatements="364" conditionals="189" coveredconditionals="171" methods="129" coveredmethods="126"/>
      <file name="Board.ts" path="/home/guy/code/git/github.com/ggcdevs/pente3d.ai/src/core/Board.ts">
        <metrics statements="145" coveredstatements="142" conditionals="75" coveredconditionals="62" methods="33" coveredmethods="32"/>
        <line num="1" count="6" type="stmt"/>
        <line num="2" count="6" type="stmt"/>
        <line num="3" count="6" type="stmt"/>
        <line num="4" count="6" type="stmt"/>
        <line num="6" count="6" type="stmt"/>
        <line num="7" count="1152" type="stmt"/>
        <line num="8" count="1152" type="stmt"/>
        <line num="12" count="1152" type="cond" truecount="1" falsecount="0"/>
        <line num="13" count="3" type="stmt"/>
        <line num="16" count="1149" type="stmt"/>
        <line num="17" count="1149" type="stmt"/>
        <line num="22" count="24" type="stmt"/>
        <line num="26" count="2" type="stmt"/>
        <line num="27" count="2" type="stmt"/>
        <line num="28" count="7" type="stmt"/>
        <line num="30" count="2" type="stmt"/>
        <line num="35" count="3166" type="cond" truecount="1" falsecount="1"/>
        <line num="36" count="3166" type="stmt"/>
        <line num="46" count="2" type="stmt"/>
        <line num="47" count="2" type="stmt"/>
        <line num="48" count="6" type="stmt"/>
        <line num="50" count="2" type="stmt"/>
        <line num="54" count="2112" type="stmt"/>
        <line num="55" count="2112" type="cond" truecount="2" falsecount="0"/>
        <line num="59" count="2097" type="stmt"/>
        <line num="63" count="0" type="stmt"/>
        <line num="67" count="30" type="stmt"/>
        <line num="71" count="2" type="stmt"/>
        <line num="76" count="9816" type="cond" truecount="1" falsecount="1"/>
        <line num="77" count="9816" type="stmt"/>
        <line num="79" count="9816" type="stmt"/>
        <line num="88" count="31" type="cond" truecount="1" falsecount="1"/>
        <line num="89" count="31" type="stmt"/>
        <line num="91" count="31" type="stmt"/>
        <line num="92" count="806" type="stmt"/>
        <line num="93" count="806" type="cond" truecount="1" falsecount="0"/>
        <line num="94" count="473" type="stmt"/>
        <line num="98" count="31" type="stmt"/>
        <line num="103" count="1335" type="cond" truecount="1" falsecount="1"/>
        <line num="104" count="1335" type="cond" truecount="1" falsecount="1"/>
        <line num="107" count="1335" type="cond" truecount="3" falsecount="0"/>
        <line num="108" count="2" type="stmt"/>
        <line num="112" count="1333" type="cond" truecount="1" falsecount="0"/>
        <line num="113" count="1" type="stmt"/>
        <line num="117" count="1332" type="stmt"/>
        <line num="120" count="1332" type="stmt"/>
        <line num="121" count="17303" type="stmt"/>
        <line num="122" count="17303" type="cond" truecount="2" falsecount="0"/>
        <line num="125" count="1332" type="cond" truecount="1" falsecount="0"/>
        <line num="126" count="1" type="stmt"/>
        <line num="130" count="1331" type="stmt"/>
        <line num="131" count="1331" type="stmt"/>
        <line num="132" count="1331" type="stmt"/>
        <line num="134" count="1331" type="stmt"/>
        <line num="135" count="5152" type="stmt"/>
        <line num="136" count="5152" type="stmt"/>
        <line num="139" count="5152" type="cond" truecount="0" falsecount="1"/>
        <line num="140" count="0" type="stmt"/>
        <line num="143" count="1331" type="stmt"/>
        <line num="145" count="1331" type="stmt"/>
        <line num="153" count="33" type="cond" truecount="1" falsecount="1"/>
        <line num="154" count="33" type="cond" truecount="2" falsecount="0"/>
        <line num="157" count="33" type="stmt"/>
        <line num="158" count="33" type="stmt"/>
        <line num="161" count="33" type="stmt"/>
        <line num="162" count="121" type="stmt"/>
        <line num="163" count="121" type="cond" truecount="1" falsecount="0"/>
        <line num="164" count="103" type="stmt"/>
        <line num="169" count="33" type="cond" truecount="0" falsecount="1"/>
        <line num="170" count="0" type="stmt"/>
        <line num="173" count="33" type="stmt"/>
        <line num="178" count="17" type="cond" truecount="1" falsecount="1"/>
        <line num="179" count="17" type="stmt"/>
        <line num="181" count="17" type="stmt"/>
        <line num="183" count="442" type="stmt"/>
        <line num="184" count="2158" type="stmt"/>
        <line num="185" count="2158" type="stmt"/>
        <line num="186" count="2158" type="stmt"/>
        <line num="189" count="2158" type="cond" truecount="3" falsecount="0"/>
        <line num="190" count="1266" type="stmt"/>
        <line num="191" count="1266" type="cond" truecount="3" falsecount="0"/>
        <line num="192" count="1266" type="stmt"/>
        <line num="198" count="17" type="stmt"/>
        <line num="204" count="1364" type="stmt"/>
        <line num="205" count="17680" type="stmt"/>
        <line num="206" count="17680" type="cond" truecount="3" falsecount="0"/>
        <line num="207" count="1363" type="stmt"/>
        <line num="212" count="1" type="stmt"/>
        <line num="213" count="1" type="stmt"/>
        <line num="214" count="1" type="stmt"/>
        <line num="223" count="34983" type="stmt"/>
        <line num="224" count="34983" type="stmt"/>
        <line num="227" count="34983" type="cond" truecount="2" falsecount="0"/>
        <line num="228" count="21776" type="stmt"/>
        <line num="229" count="21776" type="stmt"/>
        <line num="230" count="13207" type="cond" truecount="1" falsecount="0"/>
        <line num="231" count="9336" type="stmt"/>
        <line num="234" count="25647" type="cond" truecount="2" falsecount="0"/>
        <line num="235" count="13449" type="stmt"/>
        <line num="236" count="13449" type="stmt"/>
        <line num="237" count="12198" type="cond" truecount="1" falsecount="0"/>
        <line num="238" count="9144" type="stmt"/>
        <line num="241" count="16503" type="cond" truecount="2" falsecount="0"/>
        <line num="242" count="5840" type="stmt"/>
        <line num="243" count="5840" type="stmt"/>
        <line num="244" count="10663" type="cond" truecount="1" falsecount="0"/>
        <line num="245" count="8980" type="stmt"/>
        <line num="249" count="7523" type="cond" truecount="0" falsecount="1"/>
        <line num="250" count="7523" type="stmt"/>
        <line num="252" count="15881" type="stmt"/>
        <line num="253" count="7523" type="cond" truecount="2" falsecount="0"/>
        <line num="257" count="17" type="stmt"/>
        <line num="259" count="17" type="stmt"/>
        <line num="260" count="1266" type="stmt"/>
        <line num="261" count="55861" type="cond" truecount="2" falsecount="0"/>
        <line num="265" count="1266" type="cond" truecount="1" falsecount="0"/>
        <line num="266" count="1266" type="stmt"/>
        <line num="270" count="17" type="stmt"/>
        <line num="275" count="1054" type="cond" truecount="1" falsecount="1"/>
        <line num="277" count="1054" type="cond" truecount="1" falsecount="0"/>
        <line num="278" count="1" type="stmt"/>
        <line num="281" count="1053" type="cond" truecount="1" falsecount="0"/>
        <line num="282" count="1" type="stmt"/>
        <line num="285" count="1052" type="stmt"/>
        <line num="286" count="1052" type="stmt"/>
        <line num="287" count="1052" type="stmt"/>
        <line num="291" count="3" type="cond" truecount="1" falsecount="0"/>
        <line num="292" count="1" type="stmt"/>
        <line num="295" count="2" type="stmt"/>
        <line num="296" count="2" type="stmt"/>
        <line num="297" count="2" type="stmt"/>
        <line num="302" count="1" type="stmt"/>
        <line num="306" count="10" type="cond" truecount="1" falsecount="0"/>
        <line num="307" count="9" type="cond" truecount="1" falsecount="0"/>
        <line num="309" count="8" type="stmt"/>
        <line num="310" count="53" type="stmt"/>
        <line num="311" count="53" type="cond" truecount="3" falsecount="0"/>
        <line num="312" count="1" type="stmt"/>
        <line num="316" count="7" type="stmt"/>
        <line num="320" count="1056" type="stmt"/>
        <line num="321" count="1056" type="stmt"/>
        <line num="322" count="251583" type="stmt"/>
        <line num="324" count="1056" type="stmt"/>
        <line num="328" count="2" type="stmt"/>
        <line num="332" count="2" type="stmt"/>
      </file>
      <file name="Line.ts" path="/home/guy/code/git/github.com/ggcdevs/pente3d.ai/src/core/Line.ts">
        <metrics statements="44" coveredstatements="44" conditionals="18" coveredconditionals="15" methods="20" coveredmethods="20"/>
        <line num="2" count="6" type="stmt"/>
        <line num="4" count="6" type="stmt"/>
        <line num="5" count="1405" type="stmt"/>
        <line num="6" count="1405" type="stmt"/>
        <line num="7" count="1405" type="stmt"/>
        <line num="10" count="128" type="stmt"/>
        <line num="15" count="1405" type="cond" truecount="3" falsecount="0"/>
        <line num="16" count="1" type="stmt"/>
        <line num="19" count="1404" type="cond" truecount="1" falsecount="0"/>
        <line num="20" count="1" type="stmt"/>
        <line num="24" count="1403" type="stmt"/>
        <line num="25" count="6711" type="cond" truecount="2" falsecount="0"/>
        <line num="28" count="1403" type="cond" truecount="2" falsecount="0"/>
        <line num="33" count="1403" type="stmt"/>
        <line num="36" count="1403" type="stmt"/>
        <line num="41" count="27" type="cond" truecount="1" falsecount="0"/>
        <line num="42" count="1" type="stmt"/>
        <line num="45" count="26" type="cond" truecount="1" falsecount="1"/>
        <line num="46" count="26" type="cond" truecount="1" falsecount="1"/>
        <line num="47" count="26" type="stmt"/>
        <line num="49" count="26" type="stmt"/>
        <line num="54" count="1403" type="cond" truecount="1" falsecount="0"/>
        <line num="56" count="1399" type="stmt"/>
        <line num="57" count="5308" type="stmt"/>
        <line num="58" count="5308" type="cond" truecount="1" falsecount="0"/>
        <line num="59" count="1" type="stmt"/>
        <line num="66" count="267" type="cond" truecount="1" falsecount="1"/>
        <line num="67" count="764" type="stmt"/>
        <line num="71" count="1528" type="stmt"/>
        <line num="75" count="111804" type="stmt"/>
        <line num="79" count="3080" type="stmt"/>
        <line num="84" count="1" type="stmt"/>
        <line num="85" count="1" type="stmt"/>
        <line num="90" count="1" type="stmt"/>
        <line num="91" count="1" type="stmt"/>
        <line num="96" count="3" type="cond" truecount="1" falsecount="0"/>
        <line num="97" count="1" type="stmt"/>
        <line num="99" count="4" type="stmt"/>
        <line num="104" count="3" type="stmt"/>
        <line num="105" count="1" type="stmt"/>
        <line num="109" count="3" type="stmt"/>
        <line num="110" count="13" type="stmt"/>
        <line num="117" count="1" type="stmt"/>
        <line num="118" count="3" type="stmt"/>
      </file>
      <file name="Move.ts" path="/home/guy/code/git/github.com/ggcdevs/pente3d.ai/src/core/Move.ts">
        <metrics statements="41" coveredstatements="39" conditionals="28" coveredconditionals="26" methods="16" coveredmethods="16"/>
        <line num="2" count="6" type="stmt"/>
        <line num="3" count="6" type="stmt"/>
        <line num="5" count="6" type="stmt"/>
        <line num="6" count="35" type="stmt"/>
        <line num="7" count="35" type="stmt"/>
        <line num="8" count="35" type="stmt"/>
        <line num="9" count="35" type="stmt"/>
        <line num="18" count="35" type="cond" truecount="1" falsecount="0"/>
        <line num="19" count="1" type="stmt"/>
        <line num="22" count="34" type="cond" truecount="1" falsecount="0"/>
        <line num="23" count="1" type="stmt"/>
        <line num="27" count="33" type="cond" truecount="2" falsecount="0"/>
        <line num="28" count="33" type="cond" truecount="2" falsecount="0"/>
        <line num="34" count="33" type="stmt"/>
        <line num="35" count="85" type="cond" truecount="1" falsecount="1"/>
        <line num="38" count="33" type="cond" truecount="2" falsecount="0"/>
        <line num="41" count="33" type="cond" truecount="3" falsecount="0"/>
        <line num="42" count="1" type="stmt"/>
        <line num="48" count="10" type="stmt"/>
        <line num="56" count="11" type="stmt"/>
        <line num="61" count="7" type="stmt"/>
        <line num="65" count="4" type="stmt"/>
        <line num="69" count="1" type="stmt"/>
        <line num="73" count="1" type="stmt"/>
        <line num="78" count="3" type="stmt"/>
        <line num="80" count="3" type="cond" truecount="2" falsecount="1"/>
        <line num="81" count="0" type="stmt"/>
        <line num="85" count="3" type="cond" truecount="3" falsecount="0"/>
        <line num="86" count="1" type="stmt"/>
        <line num="90" count="2" type="cond" truecount="1" falsecount="0"/>
        <line num="91" count="1" type="stmt"/>
        <line num="94" count="1" type="stmt"/>
        <line num="96" count="0" type="stmt"/>
        <line num="102" count="4" type="stmt"/>
        <line num="108" count="8" type="stmt"/>
        <line num="114" count="2" type="cond" truecount="2" falsecount="0"/>
        <line num="115" count="2" type="stmt"/>
        <line num="119" count="1" type="stmt"/>
        <line num="123" count="4" type="stmt"/>
        <line num="129" count="1" type="stmt"/>
        <line num="132" count="4" type="stmt"/>
      </file>
      <file name="Piece.ts" path="/home/guy/code/git/github.com/ggcdevs/pente3d.ai/src/core/Piece.ts">
        <metrics statements="43" coveredstatements="42" conditionals="26" coveredconditionals="26" methods="17" coveredmethods="17"/>
        <line num="2" count="6" type="stmt"/>
        <line num="3" count="6" type="stmt"/>
        <line num="5" count="6" type="stmt"/>
        <line num="6" count="252690" type="stmt"/>
        <line num="7" count="252690" type="stmt"/>
        <line num="8" count="252690" type="stmt"/>
        <line num="9" count="252690" type="stmt"/>
        <line num="18" count="252690" type="cond" truecount="1" falsecount="0"/>
        <line num="19" count="1" type="stmt"/>
        <line num="22" count="252689" type="cond" truecount="1" falsecount="0"/>
        <line num="23" count="1" type="stmt"/>
        <line num="27" count="252688" type="cond" truecount="2" falsecount="0"/>
        <line num="28" count="252688" type="cond" truecount="2" falsecount="0"/>
        <line num="34" count="252688" type="stmt"/>
        <line num="35" count="252688" type="cond" truecount="2" falsecount="0"/>
        <line num="40" count="1077" type="stmt"/>
        <line num="44" count="13" type="stmt"/>
        <line num="49" count="1" type="stmt"/>
        <line num="53" count="1" type="stmt"/>
        <line num="57" count="2" type="cond" truecount="2" falsecount="0"/>
        <line num="62" count="5" type="stmt"/>
        <line num="66" count="2" type="stmt"/>
        <line num="70" count="2" type="stmt"/>
        <line num="75" count="4" type="cond" truecount="1" falsecount="0"/>
        <line num="76" count="1" type="stmt"/>
        <line num="78" count="3" type="stmt"/>
        <line num="82" count="3" type="cond" truecount="1" falsecount="0"/>
        <line num="83" count="1" type="stmt"/>
        <line num="85" count="2" type="stmt"/>
        <line num="89" count="3" type="cond" truecount="2" falsecount="0"/>
        <line num="90" count="3" type="stmt"/>
        <line num="95" count="3" type="stmt"/>
        <line num="97" count="3" type="cond" truecount="3" falsecount="0"/>
        <line num="98" count="1" type="stmt"/>
        <line num="102" count="2" type="cond" truecount="3" falsecount="0"/>
        <line num="103" count="1" type="stmt"/>
        <line num="106" count="1" type="stmt"/>
        <line num="108" count="0" type="stmt"/>
        <line num="114" count="56" type="stmt"/>
        <line num="122" count="2" type="cond" truecount="2" falsecount="0"/>
        <line num="123" count="2" type="stmt"/>
        <line num="127" count="7" type="stmt"/>
        <line num="136" count="251584" type="stmt"/>
      </file>
      <file name="Player.ts" path="/home/guy/code/git/github.com/ggcdevs/pente3d.ai/src/core/Player.ts">
        <metrics statements="35" coveredstatements="35" conditionals="11" coveredconditionals="11" methods="11" coveredmethods="11"/>
        <line num="3" count="7" type="stmt"/>
        <line num="4" count="251750" type="stmt"/>
        <line num="5" count="251750" type="stmt"/>
        <line num="6" count="251750" type="stmt"/>
        <line num="7" count="251750" type="stmt"/>
        <line num="8" count="251750" type="stmt"/>
        <line num="17" count="251750" type="cond" truecount="4" falsecount="0"/>
        <line num="18" count="2" type="stmt"/>
        <line num="21" count="251748" type="cond" truecount="1" falsecount="0"/>
        <line num="22" count="1" type="stmt"/>
        <line num="25" count="251747" type="stmt"/>
        <line num="26" count="251747" type="stmt"/>
        <line num="27" count="251747" type="stmt"/>
        <line num="28" count="251747" type="stmt"/>
        <line num="29" count="251747" type="stmt"/>
        <line num="34" count="135" type="stmt"/>
        <line num="38" count="3" type="stmt"/>
        <line num="43" count="27" type="stmt"/>
        <line num="48" count="8" type="cond" truecount="1" falsecount="0"/>
        <line num="49" count="1" type="stmt"/>
        <line num="52" count="7" type="stmt"/>
        <line num="53" count="7" type="stmt"/>
        <line num="54" count="7" type="stmt"/>
        <line num="58" count="2" type="stmt"/>
        <line num="59" count="2" type="stmt"/>
        <line num="60" count="2" type="stmt"/>
        <line num="65" count="3" type="cond" truecount="1" falsecount="0"/>
        <line num="66" count="1" type="stmt"/>
        <line num="68" count="2" type="stmt"/>
        <line num="73" count="67" type="cond" truecount="2" falsecount="0"/>
        <line num="77" count="1" type="stmt"/>
        <line num="81" count="11" type="stmt"/>
        <line num="91" count="251596" type="stmt"/>
        <line num="92" count="251596" type="stmt"/>
        <line num="93" count="251596" type="stmt"/>
      </file>
      <file name="Vector3.ts" path="/home/guy/code/git/github.com/ggcdevs/pente3d.ai/src/core/Vector3.ts">
        <metrics statements="32" coveredstatements="31" conditionals="9" coveredconditionals="9" methods="15" coveredmethods="14"/>
        <line num="3" count="7" type="stmt"/>
        <line num="4" count="290957" type="stmt"/>
        <line num="5" count="290957" type="stmt"/>
        <line num="6" count="290957" type="stmt"/>
        <line num="10" count="290957" type="cond" truecount="4" falsecount="0"/>
        <line num="11" count="3" type="stmt"/>
        <line num="14" count="290954" type="stmt"/>
        <line num="15" count="290954" type="stmt"/>
        <line num="16" count="290954" type="stmt"/>
        <line num="21" count="1" type="stmt"/>
        <line num="25" count="3719" type="stmt"/>
        <line num="29" count="121" type="stmt"/>
        <line num="34" count="71357" type="cond" truecount="3" falsecount="0"/>
        <line num="39" count="13703" type="stmt"/>
        <line num="43" count="3570" type="stmt"/>
        <line num="47" count="9904" type="cond" truecount="1" falsecount="0"/>
        <line num="48" count="2" type="stmt"/>
        <line num="50" count="9902" type="stmt"/>
        <line num="55" count="1" type="stmt"/>
        <line num="56" count="1" type="stmt"/>
        <line num="57" count="1" type="stmt"/>
        <line num="58" count="1" type="stmt"/>
        <line num="62" count="3" type="stmt"/>
        <line num="66" count="2" type="stmt"/>
        <line num="67" count="2" type="cond" truecount="1" falsecount="0"/>
        <line num="68" count="1" type="stmt"/>
        <line num="71" count="1" type="stmt"/>
        <line num="72" count="1" type="stmt"/>
        <line num="77" count="0" type="stmt"/>
        <line num="81" count="174" type="stmt"/>
        <line num="85" count="29" type="stmt"/>
        <line num="90" count="258077" type="stmt"/>
      </file>
      <file name="WinResult.ts" path="/home/guy/code/git/github.com/ggcdevs/pente3d.ai/src/core/WinResult.ts">
        <metrics statements="23" coveredstatements="23" conditionals="22" coveredconditionals="22" methods="9" coveredmethods="9"/>
        <line num="2" count="6" type="stmt"/>
        <line num="3" count="6" type="stmt"/>
        <line num="5" count="6" type="stmt"/>
        <line num="6" count="31" type="stmt"/>
        <line num="7" count="31" type="stmt"/>
        <line num="8" count="31" type="stmt"/>
        <line num="15" count="31" type="cond" truecount="2" falsecount="0"/>
        <line num="19" count="31" type="cond" truecount="2" falsecount="0"/>
        <line num="23" count="31" type="stmt"/>
        <line num="26" count="31" type="cond" truecount="3" falsecount="0"/>
        <line num="27" count="1" type="stmt"/>
        <line num="29" count="30" type="cond" truecount="3" falsecount="0"/>
        <line num="30" count="2" type="stmt"/>
        <line num="36" count="7" type="stmt"/>
        <line num="40" count="8" type="stmt"/>
        <line num="44" count="8" type="stmt"/>
        <line num="49" count="13" type="stmt"/>
        <line num="53" count="6" type="stmt"/>
        <line num="57" count="6" type="stmt"/>
        <line num="62" count="3" type="cond" truecount="1" falsecount="0"/>
        <line num="63" count="1" type="stmt"/>
        <line num="65" count="2" type="stmt"/>
        <line num="69" count="2" type="stmt"/>
      </file>
      <file name="index.ts" path="/home/guy/code/git/github.com/ggcdevs/pente3d.ai/src/core/index.ts">
        <metrics statements="8" coveredstatements="8" conditionals="0" coveredconditionals="0" methods="8" coveredmethods="7"/>
        <line num="2" count="2114" type="stmt"/>
        <line num="3" count="122" type="stmt"/>
        <line num="4" count="40" type="stmt"/>
        <line num="5" count="1104" type="stmt"/>
        <line num="6" count="101" type="stmt"/>
        <line num="7" count="44" type="stmt"/>
        <line num="8" count="37" type="stmt"/>
        <line num="27" count="6" type="stmt"/>
      </file>
    </package>
    <package name="types">
      <metrics statements="1" coveredstatements="1" conditionals="0" coveredconditionals="0" methods="0" coveredmethods="0"/>
      <file name="index.ts" path="/home/guy/code/git/github.com/ggcdevs/pente3d.ai/src/types/index.ts">
        <metrics statements="1" coveredstatements="1" conditionals="0" coveredconditionals="0" methods="0" coveredmethods="0"/>
        <line num="51" count="6" type="stmt"/>
      </file>
    </package>
  </project>
</coverage>
