{"/home/guy/code/git/github.com/ggcdevs/pente3d.ai/src/core/Board.ts": {"path":"/home/guy/code/git/github.com/ggcdevs/pente3d.ai/src/core/Board.ts","statementMap":{"0":{"start":{"line":1,"column":0},"end":{"line":1,"column":87}},"1":{"start":{"line":2,"column":0},"end":{"line":2,"column":36}},"2":{"start":{"line":3,"column":0},"end":{"line":3,"column":32}},"3":{"start":{"line":4,"column":0},"end":{"line":4,"column":30}},"4":{"start":{"line":7,"column":18},"end":{"line":7,"column":null}},"5":{"start":{"line":8,"column":19},"end":{"line":8,"column":null}},"6":{"start":{"line":12,"column":4},"end":{"line":14,"column":5}},"7":{"start":{"line":13,"column":6},"end":{"line":13,"column":56}},"8":{"start":{"line":16,"column":4},"end":{"line":16,"column":21}},"9":{"start":{"line":17,"column":4},"end":{"line":17,"column":29}},"10":{"start":{"line":22,"column":4},"end":{"line":22,"column":27}},"11":{"start":{"line":26,"column":16},"end":{"line":26,"column":31}},"12":{"start":{"line":27,"column":4},"end":{"line":29,"column":7}},"13":{"start":{"line":28,"column":6},"end":{"line":28,"column":38}},"14":{"start":{"line":30,"column":4},"end":{"line":30,"column":17}},"15":{"start":{"line":35,"column":14},"end":{"line":35,"column":74}},"16":{"start":{"line":36,"column":4},"end":{"line":36,"column":34}},"17":{"start":{"line":46,"column":19},"end":{"line":46,"column":44}},"18":{"start":{"line":47,"column":4},"end":{"line":49,"column":7}},"19":{"start":{"line":48,"column":6},"end":{"line":48,"column":38}},"20":{"start":{"line":50,"column":4},"end":{"line":50,"column":18}},"21":{"start":{"line":54,"column":16},"end":{"line":54,"column":38}},"22":{"start":{"line":55,"column":4},"end":{"line":55,"column":41}},"23":{"start":{"line":59,"column":4},"end":{"line":59,"column":41}},"24":{"start":{"line":63,"column":4},"end":{"line":63,"column":33}},"25":{"start":{"line":67,"column":4},"end":{"line":67,"column":29}},"26":{"start":{"line":71,"column":4},"end":{"line":71,"column":45}},"27":{"start":{"line":76,"column":14},"end":{"line":76,"column":74}},"28":{"start":{"line":77,"column":21},"end":{"line":77,"column":46}},"29":{"start":{"line":79,"column":4},"end":{"line":83,"column":6}},"30":{"start":{"line":88,"column":19},"end":{"line":88,"column":79}},"31":{"start":{"line":89,"column":33},"end":{"line":89,"column":35}},"32":{"start":{"line":91,"column":4},"end":{"line":96,"column":7}},"33":{"start":{"line":92,"column":23},"end":{"line":92,"column":38}},"34":{"start":{"line":93,"column":6},"end":{"line":95,"column":7}},"35":{"start":{"line":94,"column":8},"end":{"line":94,"column":33}},"36":{"start":{"line":98,"column":4},"end":{"line":98,"column":21}},"37":{"start":{"line":103,"column":21},"end":{"line":103,"column":81}},"38":{"start":{"line":104,"column":19},"end":{"line":104,"column":73}},"39":{"start":{"line":107,"column":4},"end":{"line":109,"column":5}},"40":{"start":{"line":108,"column":6},"end":{"line":108,"column":18}},"41":{"start":{"line":112,"column":4},"end":{"line":114,"column":5}},"42":{"start":{"line":113,"column":6},"end":{"line":113,"column":56}},"43":{"start":{"line":117,"column":17},"end":{"line":117,"column":42}},"44":{"start":{"line":120,"column":29},"end":{"line":123,"column":6}},"45":{"start":{"line":121,"column":20},"end":{"line":121,"column":50}},"46":{"start":{"line":122,"column":6},"end":{"line":122,"column":41}},"47":{"start":{"line":125,"column":4},"end":{"line":127,"column":5}},"48":{"start":{"line":126,"column":6},"end":{"line":126,"column":18}},"49":{"start":{"line":130,"column":30},"end":{"line":130,"column":32}},"50":{"start":{"line":131,"column":22},"end":{"line":131,"column":51}},"51":{"start":{"line":132,"column":18},"end":{"line":132,"column":34}},"52":{"start":{"line":134,"column":4},"end":{"line":142,"column":5}},"53":{"start":{"line":135,"column":6},"end":{"line":135,"column":35}},"54":{"start":{"line":136,"column":6},"end":{"line":136,"column":39}},"55":{"start":{"line":139,"column":6},"end":{"line":141,"column":7}},"56":{"start":{"line":140,"column":8},"end":{"line":140,"column":20}},"57":{"start":{"line":143,"column":4},"end":{"line":143,"column":24}},"58":{"start":{"line":145,"column":4},"end":{"line":145,"column":39}},"59":{"start":{"line":153,"column":22},"end":{"line":153,"column":85}},"60":{"start":{"line":154,"column":19},"end":{"line":154,"column":91}},"61":{"start":{"line":157,"column":20},"end":{"line":157,"column":51}},"62":{"start":{"line":158,"column":30},"end":{"line":158,"column":32}},"63":{"start":{"line":161,"column":4},"end":{"line":166,"column":5}},"64":{"start":{"line":161,"column":17},"end":{"line":161,"column":24}},"65":{"start":{"line":162,"column":20},"end":{"line":162,"column":54}},"66":{"start":{"line":163,"column":6},"end":{"line":165,"column":7}},"67":{"start":{"line":164,"column":8},"end":{"line":164,"column":27}},"68":{"start":{"line":169,"column":4},"end":{"line":171,"column":5}},"69":{"start":{"line":170,"column":6},"end":{"line":170,"column":29}},"70":{"start":{"line":173,"column":4},"end":{"line":173,"column":37}},"71":{"start":{"line":178,"column":19},"end":{"line":178,"column":79}},"72":{"start":{"line":179,"column":26},"end":{"line":179,"column":28}},"73":{"start":{"line":181,"column":4},"end":{"line":196,"column":7}},"74":{"start":{"line":183,"column":6},"end":{"line":195,"column":7}},"75":{"start":{"line":183,"column":24},"end":{"line":183,"column":25}},"76":{"start":{"line":184,"column":23},"end":{"line":184,"column":46}},"77":{"start":{"line":185,"column":22},"end":{"line":185,"column":62}},"78":{"start":{"line":186,"column":20},"end":{"line":186,"column":58}},"79":{"start":{"line":189,"column":8},"end":{"line":194,"column":9}},"80":{"start":{"line":190,"column":23},"end":{"line":190,"column":56}},"81":{"start":{"line":191,"column":10},"end":{"line":193,"column":11}},"82":{"start":{"line":192,"column":12},"end":{"line":192,"column":29}},"83":{"start":{"line":198,"column":4},"end":{"line":198,"column":44}},"84":{"start":{"line":204,"column":4},"end":{"line":209,"column":5}},"85":{"start":{"line":205,"column":20},"end":{"line":205,"column":55}},"86":{"start":{"line":206,"column":6},"end":{"line":208,"column":7}},"87":{"start":{"line":207,"column":8},"end":{"line":207,"column":39}},"88":{"start":{"line":212,"column":16},"end":{"line":212,"column":45}},"89":{"start":{"line":213,"column":22},"end":{"line":213,"column":81}},"90":{"start":{"line":214,"column":4},"end":{"line":218,"column":6}},"91":{"start":{"line":223,"column":29},"end":{"line":223,"column":31}},"92":{"start":{"line":224,"column":31},"end":{"line":224,"column":35}},"93":{"start":{"line":227,"column":4},"end":{"line":232,"column":5}},"94":{"start":{"line":228,"column":6},"end":{"line":228,"column":38}},"95":{"start":{"line":229,"column":6},"end":{"line":229,"column":25}},"96":{"start":{"line":230,"column":11},"end":{"line":232,"column":5}},"97":{"start":{"line":231,"column":6},"end":{"line":231,"column":18}},"98":{"start":{"line":234,"column":4},"end":{"line":239,"column":5}},"99":{"start":{"line":235,"column":6},"end":{"line":235,"column":38}},"100":{"start":{"line":236,"column":6},"end":{"line":236,"column":25}},"101":{"start":{"line":237,"column":11},"end":{"line":239,"column":5}},"102":{"start":{"line":238,"column":6},"end":{"line":238,"column":18}},"103":{"start":{"line":241,"column":4},"end":{"line":246,"column":5}},"104":{"start":{"line":242,"column":6},"end":{"line":242,"column":38}},"105":{"start":{"line":243,"column":6},"end":{"line":243,"column":25}},"106":{"start":{"line":244,"column":11},"end":{"line":246,"column":5}},"107":{"start":{"line":245,"column":6},"end":{"line":245,"column":18}},"108":{"start":{"line":249,"column":4},"end":{"line":249,"column":41}},"109":{"start":{"line":249,"column":29},"end":{"line":249,"column":41}},"110":{"start":{"line":250,"column":23},"end":{"line":250,"column":32}},"111":{"start":{"line":252,"column":21},"end":{"line":252,"column":73}},"112":{"start":{"line":252,"column":39},"end":{"line":252,"column":72}},"113":{"start":{"line":253,"column":4},"end":{"line":253,"column":40}},"114":{"start":{"line":257,"column":32},"end":{"line":257,"column":34}},"115":{"start":{"line":259,"column":4},"end":{"line":268,"column":5}},"116":{"start":{"line":260,"column":26},"end":{"line":262,"column":null}},"117":{"start":{"line":261,"column":8},"end":{"line":262,"column":47}},"118":{"start":{"line":265,"column":6},"end":{"line":267,"column":7}},"119":{"start":{"line":266,"column":8},"end":{"line":266,"column":31}},"120":{"start":{"line":270,"column":4},"end":{"line":270,"column":23}},"121":{"start":{"line":275,"column":14},"end":{"line":275,"column":93}},"122":{"start":{"line":277,"column":4},"end":{"line":279,"column":5}},"123":{"start":{"line":278,"column":6},"end":{"line":278,"column":55}},"124":{"start":{"line":281,"column":4},"end":{"line":283,"column":5}},"125":{"start":{"line":282,"column":6},"end":{"line":282,"column":51}},"126":{"start":{"line":285,"column":21},"end":{"line":285,"column":33}},"127":{"start":{"line":286,"column":4},"end":{"line":286,"column":59}},"128":{"start":{"line":287,"column":4},"end":{"line":287,"column":20}},"129":{"start":{"line":291,"column":4},"end":{"line":293,"column":5}},"130":{"start":{"line":292,"column":6},"end":{"line":292,"column":18}},"131":{"start":{"line":295,"column":21},"end":{"line":295,"column":33}},"132":{"start":{"line":296,"column":4},"end":{"line":296,"column":56}},"133":{"start":{"line":297,"column":4},"end":{"line":297,"column":20}},"134":{"start":{"line":302,"column":4},"end":{"line":302,"column":32}},"135":{"start":{"line":306,"column":4},"end":{"line":306,"column":47}},"136":{"start":{"line":306,"column":34},"end":{"line":306,"column":47}},"137":{"start":{"line":307,"column":4},"end":{"line":307,"column":63}},"138":{"start":{"line":307,"column":50},"end":{"line":307,"column":63}},"139":{"start":{"line":309,"column":4},"end":{"line":314,"column":5}},"140":{"start":{"line":310,"column":25},"end":{"line":310,"column":47}},"141":{"start":{"line":311,"column":6},"end":{"line":313,"column":7}},"142":{"start":{"line":312,"column":8},"end":{"line":312,"column":21}},"143":{"start":{"line":316,"column":4},"end":{"line":316,"column":16}},"144":{"start":{"line":320,"column":21},"end":{"line":320,"column":41}},"145":{"start":{"line":321,"column":4},"end":{"line":323,"column":7}},"146":{"start":{"line":322,"column":6},"end":{"line":322,"column":47}},"147":{"start":{"line":324,"column":4},"end":{"line":324,"column":20}},"148":{"start":{"line":328,"column":4},"end":{"line":328,"column":88}},"149":{"start":{"line":332,"column":4},"end":{"line":335,"column":6}},"150":{"start":{"line":6,"column":0},"end":{"line":6,"column":13}}},"fnMap":{"0":{"name":"(anonymous_0)","decl":{"start":{"line":10,"column":2},"end":{"line":10,"column":14}},"loc":{"start":{"line":10,"column":33},"end":{"line":18,"column":3}}},"1":{"name":"(anonymous_1)","decl":{"start":{"line":21,"column":2},"end":{"line":21,"column":8}},"loc":{"start":{"line":21,"column":40},"end":{"line":23,"column":3}}},"2":{"name":"(anonymous_2)","decl":{"start":{"line":25,"column":2},"end":{"line":25,"column":8}},"loc":{"start":{"line":25,"column":67},"end":{"line":31,"column":3}}},"3":{"name":"(anonymous_3)","decl":{"start":{"line":27,"column":19},"end":{"line":27,"column":24}},"loc":{"start":{"line":27,"column":27},"end":{"line":29,"column":5}}},"4":{"name":"(anonymous_4)","decl":{"start":{"line":34,"column":10},"end":{"line":34,"column":20}},"loc":{"start":{"line":34,"column":46},"end":{"line":37,"column":3}}},"5":{"name":"(anonymous_5)","decl":{"start":{"line":45,"column":2},"end":{"line":45,"column":6}},"loc":{"start":{"line":45,"column":12},"end":{"line":51,"column":3}}},"6":{"name":"(anonymous_6)","decl":{"start":{"line":47,"column":25},"end":{"line":47,"column":26}},"loc":{"start":{"line":47,"column":40},"end":{"line":49,"column":5}}},"7":{"name":"(anonymous_7)","decl":{"start":{"line":53,"column":2},"end":{"line":53,"column":10}},"loc":{"start":{"line":53,"column":36},"end":{"line":56,"column":3}}},"8":{"name":"(anonymous_8)","decl":{"start":{"line":58,"column":2},"end":{"line":58,"column":10}},"loc":{"start":{"line":58,"column":36},"end":{"line":60,"column":3}}},"9":{"name":"(anonymous_9)","decl":{"start":{"line":62,"column":2},"end":{"line":62,"column":9}},"loc":{"start":{"line":62,"column":35},"end":{"line":64,"column":3}}},"10":{"name":"(anonymous_10)","decl":{"start":{"line":66,"column":2},"end":{"line":66,"column":15}},"loc":{"start":{"line":66,"column":15},"end":{"line":68,"column":3}}},"11":{"name":"(anonymous_11)","decl":{"start":{"line":70,"column":2},"end":{"line":70,"column":14}},"loc":{"start":{"line":70,"column":14},"end":{"line":72,"column":3}}},"12":{"name":"(anonymous_12)","decl":{"start":{"line":75,"column":2},"end":{"line":75,"column":12}},"loc":{"start":{"line":75,"column":38},"end":{"line":84,"column":3}}},"13":{"name":"(anonymous_13)","decl":{"start":{"line":87,"column":2},"end":{"line":87,"column":14}},"loc":{"start":{"line":87,"column":40},"end":{"line":99,"column":3}}},"14":{"name":"(anonymous_14)","decl":{"start":{"line":91,"column":26},"end":{"line":91,"column":29}},"loc":{"start":{"line":91,"column":32},"end":{"line":96,"column":5}}},"15":{"name":"(anonymous_15)","decl":{"start":{"line":102,"column":2},"end":{"line":102,"column":18}},"loc":{"start":{"line":102,"column":69},"end":{"line":146,"column":3}}},"16":{"name":"(anonymous_16)","decl":{"start":{"line":120,"column":48},"end":{"line":120,"column":51}},"loc":{"start":{"line":120,"column":54},"end":{"line":123,"column":5}}},"17":{"name":"(anonymous_17)","decl":{"start":{"line":148,"column":2},"end":{"line":148,"column":21}},"loc":{"start":{"line":151,"column":22},"end":{"line":174,"column":3}}},"18":{"name":"(anonymous_18)","decl":{"start":{"line":177,"column":2},"end":{"line":177,"column":20}},"loc":{"start":{"line":177,"column":66},"end":{"line":199,"column":3}}},"19":{"name":"(anonymous_19)","decl":{"start":{"line":181,"column":26},"end":{"line":181,"column":29}},"loc":{"start":{"line":181,"column":32},"end":{"line":196,"column":5}}},"20":{"name":"(anonymous_20)","decl":{"start":{"line":202,"column":10},"end":{"line":202,"column":28}},"loc":{"start":{"line":202,"column":48},"end":{"line":219,"column":3}}},"21":{"name":"(anonymous_21)","decl":{"start":{"line":221,"column":10},"end":{"line":221,"column":24}},"loc":{"start":{"line":221,"column":63},"end":{"line":254,"column":3}}},"22":{"name":"(anonymous_22)","decl":{"start":{"line":252,"column":34},"end":{"line":252,"column":35}},"loc":{"start":{"line":252,"column":39},"end":{"line":252,"column":72}}},"23":{"name":"(anonymous_23)","decl":{"start":{"line":256,"column":10},"end":{"line":256,"column":30}},"loc":{"start":{"line":256,"column":44},"end":{"line":271,"column":3}}},"24":{"name":"(anonymous_24)","decl":{"start":{"line":260,"column":43},"end":{"line":260,"column":51}},"loc":{"start":{"line":261,"column":8},"end":{"line":262,"column":47}}},"25":{"name":"(anonymous_25)","decl":{"start":{"line":274,"column":2},"end":{"line":274,"column":12}},"loc":{"start":{"line":274,"column":34},"end":{"line":288,"column":3}}},"26":{"name":"(anonymous_26)","decl":{"start":{"line":290,"column":2},"end":{"line":290,"column":13}},"loc":{"start":{"line":290,"column":39},"end":{"line":298,"column":3}}},"27":{"name":"(anonymous_27)","decl":{"start":{"line":301,"column":2},"end":{"line":301,"column":7}},"loc":{"start":{"line":301,"column":7},"end":{"line":303,"column":3}}},"28":{"name":"(anonymous_28)","decl":{"start":{"line":305,"column":2},"end":{"line":305,"column":8}},"loc":{"start":{"line":305,"column":21},"end":{"line":317,"column":3}}},"29":{"name":"(anonymous_29)","decl":{"start":{"line":319,"column":2},"end":{"line":319,"column":7}},"loc":{"start":{"line":319,"column":7},"end":{"line":325,"column":3}}},"30":{"name":"(anonymous_30)","decl":{"start":{"line":321,"column":25},"end":{"line":321,"column":26}},"loc":{"start":{"line":321,"column":40},"end":{"line":323,"column":5}}},"31":{"name":"(anonymous_31)","decl":{"start":{"line":327,"column":2},"end":{"line":327,"column":10}},"loc":{"start":{"line":327,"column":10},"end":{"line":329,"column":3}}},"32":{"name":"(anonymous_32)","decl":{"start":{"line":331,"column":2},"end":{"line":331,"column":8}},"loc":{"start":{"line":331,"column":8},"end":{"line":336,"column":3}}}},"branchMap":{"0":{"loc":{"start":{"line":10,"column":14},"end":{"line":10,"column":33}},"type":"default-arg","locations":[{"start":{"line":10,"column":32},"end":{"line":10,"column":33}}]},"1":{"loc":{"start":{"line":12,"column":4},"end":{"line":14,"column":5}},"type":"if","locations":[{"start":{"line":12,"column":4},"end":{"line":14,"column":5}}]},"2":{"loc":{"start":{"line":21,"column":21},"end":{"line":21,"column":40}},"type":"default-arg","locations":[{"start":{"line":21,"column":39},"end":{"line":21,"column":40}}]},"3":{"loc":{"start":{"line":25,"column":48},"end":{"line":25,"column":67}},"type":"default-arg","locations":[{"start":{"line":25,"column":66},"end":{"line":25,"column":67}}]},"4":{"loc":{"start":{"line":35,"column":14},"end":{"line":35,"column":74}},"type":"cond-expr","locations":[{"start":{"line":35,"column":41},"end":{"line":35,"column":46}},{"start":{"line":35,"column":49},"end":{"line":35,"column":74}}]},"5":{"loc":{"start":{"line":55,"column":11},"end":{"line":55,"column":40}},"type":"binary-expr","locations":[{"start":{"line":55,"column":11},"end":{"line":55,"column":32}},{"start":{"line":55,"column":36},"end":{"line":55,"column":40}}]},"6":{"loc":{"start":{"line":76,"column":14},"end":{"line":76,"column":74}},"type":"cond-expr","locations":[{"start":{"line":76,"column":41},"end":{"line":76,"column":46}},{"start":{"line":76,"column":49},"end":{"line":76,"column":74}}]},"7":{"loc":{"start":{"line":80,"column":6},"end":{"line":82,"column":41}},"type":"binary-expr","locations":[{"start":{"line":80,"column":6},"end":{"line":80,"column":22}},{"start":{"line":80,"column":26},"end":{"line":80,"column":41}},{"start":{"line":81,"column":6},"end":{"line":81,"column":22}},{"start":{"line":81,"column":26},"end":{"line":81,"column":41}},{"start":{"line":82,"column":6},"end":{"line":82,"column":22}},{"start":{"line":82,"column":26},"end":{"line":82,"column":41}}]},"8":{"loc":{"start":{"line":88,"column":19},"end":{"line":88,"column":79}},"type":"cond-expr","locations":[{"start":{"line":88,"column":46},"end":{"line":88,"column":51}},{"start":{"line":88,"column":54},"end":{"line":88,"column":79}}]},"9":{"loc":{"start":{"line":93,"column":6},"end":{"line":95,"column":7}},"type":"if","locations":[{"start":{"line":93,"column":6},"end":{"line":95,"column":7}}]},"10":{"loc":{"start":{"line":103,"column":21},"end":{"line":103,"column":81}},"type":"cond-expr","locations":[{"start":{"line":103,"column":48},"end":{"line":103,"column":53}},{"start":{"line":103,"column":56},"end":{"line":103,"column":81}}]},"11":{"loc":{"start":{"line":104,"column":19},"end":{"line":104,"column":73}},"type":"cond-expr","locations":[{"start":{"line":104,"column":44},"end":{"line":104,"column":47}},{"start":{"line":104,"column":50},"end":{"line":104,"column":73}}]},"12":{"loc":{"start":{"line":107,"column":4},"end":{"line":109,"column":5}},"type":"if","locations":[{"start":{"line":107,"column":4},"end":{"line":109,"column":5}}]},"13":{"loc":{"start":{"line":107,"column":8},"end":{"line":107,"column":62}},"type":"binary-expr","locations":[{"start":{"line":107,"column":8},"end":{"line":107,"column":34}},{"start":{"line":107,"column":38},"end":{"line":107,"column":62}}]},"14":{"loc":{"start":{"line":112,"column":4},"end":{"line":114,"column":5}},"type":"if","locations":[{"start":{"line":112,"column":4},"end":{"line":114,"column":5}}]},"15":{"loc":{"start":{"line":122,"column":13},"end":{"line":122,"column":40}},"type":"binary-expr","locations":[{"start":{"line":122,"column":13},"end":{"line":122,"column":27}},{"start":{"line":122,"column":31},"end":{"line":122,"column":40}}]},"16":{"loc":{"start":{"line":125,"column":4},"end":{"line":127,"column":5}},"type":"if","locations":[{"start":{"line":125,"column":4},"end":{"line":127,"column":5}}]},"17":{"loc":{"start":{"line":139,"column":6},"end":{"line":141,"column":7}},"type":"if","locations":[{"start":{"line":139,"column":6},"end":{"line":141,"column":7}}]},"18":{"loc":{"start":{"line":151,"column":4},"end":{"line":151,"column":22}},"type":"default-arg","locations":[{"start":{"line":151,"column":21},"end":{"line":151,"column":22}}]},"19":{"loc":{"start":{"line":153,"column":22},"end":{"line":153,"column":85}},"type":"cond-expr","locations":[{"start":{"line":153,"column":50},"end":{"line":153,"column":56}},{"start":{"line":153,"column":59},"end":{"line":153,"column":85}}]},"20":{"loc":{"start":{"line":154,"column":19},"end":{"line":154,"column":91}},"type":"cond-expr","locations":[{"start":{"line":154,"column":50},"end":{"line":154,"column":59}},{"start":{"line":154,"column":62},"end":{"line":154,"column":91}}]},"21":{"loc":{"start":{"line":163,"column":6},"end":{"line":165,"column":7}},"type":"if","locations":[{"start":{"line":163,"column":6},"end":{"line":165,"column":7}}]},"22":{"loc":{"start":{"line":169,"column":4},"end":{"line":171,"column":5}},"type":"if","locations":[{"start":{"line":169,"column":4},"end":{"line":171,"column":5}}]},"23":{"loc":{"start":{"line":177,"column":48},"end":{"line":177,"column":66}},"type":"default-arg","locations":[{"start":{"line":177,"column":65},"end":{"line":177,"column":66}}]},"24":{"loc":{"start":{"line":178,"column":19},"end":{"line":178,"column":79}},"type":"cond-expr","locations":[{"start":{"line":178,"column":46},"end":{"line":178,"column":51}},{"start":{"line":178,"column":54},"end":{"line":178,"column":79}}]},"25":{"loc":{"start":{"line":189,"column":8},"end":{"line":194,"column":9}},"type":"if","locations":[{"start":{"line":189,"column":8},"end":{"line":194,"column":9}}]},"26":{"loc":{"start":{"line":189,"column":12},"end":{"line":189,"column":58}},"type":"binary-expr","locations":[{"start":{"line":189,"column":12},"end":{"line":189,"column":34}},{"start":{"line":189,"column":38},"end":{"line":189,"column":58}}]},"27":{"loc":{"start":{"line":191,"column":10},"end":{"line":193,"column":11}},"type":"if","locations":[{"start":{"line":191,"column":10},"end":{"line":193,"column":11}}]},"28":{"loc":{"start":{"line":191,"column":14},"end":{"line":191,"column":49}},"type":"binary-expr","locations":[{"start":{"line":191,"column":14},"end":{"line":191,"column":18}},{"start":{"line":191,"column":22},"end":{"line":191,"column":49}}]},"29":{"loc":{"start":{"line":206,"column":6},"end":{"line":208,"column":7}},"type":"if","locations":[{"start":{"line":206,"column":6},"end":{"line":208,"column":7}}]},"30":{"loc":{"start":{"line":206,"column":10},"end":{"line":206,"column":37}},"type":"binary-expr","locations":[{"start":{"line":206,"column":10},"end":{"line":206,"column":24}},{"start":{"line":206,"column":28},"end":{"line":206,"column":37}}]},"31":{"loc":{"start":{"line":227,"column":4},"end":{"line":232,"column":5}},"type":"if","locations":[{"start":{"line":227,"column":4},"end":{"line":232,"column":5}},{"start":{"line":230,"column":11},"end":{"line":232,"column":5}}]},"32":{"loc":{"start":{"line":230,"column":11},"end":{"line":232,"column":5}},"type":"if","locations":[{"start":{"line":230,"column":11},"end":{"line":232,"column":5}}]},"33":{"loc":{"start":{"line":234,"column":4},"end":{"line":239,"column":5}},"type":"if","locations":[{"start":{"line":234,"column":4},"end":{"line":239,"column":5}},{"start":{"line":237,"column":11},"end":{"line":239,"column":5}}]},"34":{"loc":{"start":{"line":237,"column":11},"end":{"line":239,"column":5}},"type":"if","locations":[{"start":{"line":237,"column":11},"end":{"line":239,"column":5}}]},"35":{"loc":{"start":{"line":241,"column":4},"end":{"line":246,"column":5}},"type":"if","locations":[{"start":{"line":241,"column":4},"end":{"line":246,"column":5}},{"start":{"line":244,"column":11},"end":{"line":246,"column":5}}]},"36":{"loc":{"start":{"line":244,"column":11},"end":{"line":246,"column":5}},"type":"if","locations":[{"start":{"line":244,"column":11},"end":{"line":246,"column":5}}]},"37":{"loc":{"start":{"line":249,"column":4},"end":{"line":249,"column":41}},"type":"if","locations":[{"start":{"line":249,"column":4},"end":{"line":249,"column":41}}]},"38":{"loc":{"start":{"line":253,"column":11},"end":{"line":253,"column":39}},"type":"cond-expr","locations":[{"start":{"line":253,"column":22},"end":{"line":253,"column":32}},{"start":{"line":253,"column":35},"end":{"line":253,"column":39}}]},"39":{"loc":{"start":{"line":261,"column":8},"end":{"line":262,"column":47}},"type":"binary-expr","locations":[{"start":{"line":261,"column":8},"end":{"line":261,"column":51}},{"start":{"line":262,"column":8},"end":{"line":262,"column":47}}]},"40":{"loc":{"start":{"line":265,"column":6},"end":{"line":267,"column":7}},"type":"if","locations":[{"start":{"line":265,"column":6},"end":{"line":267,"column":7}}]},"41":{"loc":{"start":{"line":275,"column":14},"end":{"line":275,"column":93}},"type":"cond-expr","locations":[{"start":{"line":275,"column":39},"end":{"line":275,"column":44}},{"start":{"line":275,"column":47},"end":{"line":275,"column":93}}]},"42":{"loc":{"start":{"line":277,"column":4},"end":{"line":279,"column":5}},"type":"if","locations":[{"start":{"line":277,"column":4},"end":{"line":279,"column":5}}]},"43":{"loc":{"start":{"line":281,"column":4},"end":{"line":283,"column":5}},"type":"if","locations":[{"start":{"line":281,"column":4},"end":{"line":283,"column":5}}]},"44":{"loc":{"start":{"line":291,"column":4},"end":{"line":293,"column":5}},"type":"if","locations":[{"start":{"line":291,"column":4},"end":{"line":293,"column":5}}]},"45":{"loc":{"start":{"line":306,"column":4},"end":{"line":306,"column":47}},"type":"if","locations":[{"start":{"line":306,"column":4},"end":{"line":306,"column":47}}]},"46":{"loc":{"start":{"line":307,"column":4},"end":{"line":307,"column":63}},"type":"if","locations":[{"start":{"line":307,"column":4},"end":{"line":307,"column":63}}]},"47":{"loc":{"start":{"line":311,"column":6},"end":{"line":313,"column":7}},"type":"if","locations":[{"start":{"line":311,"column":6},"end":{"line":313,"column":7}}]},"48":{"loc":{"start":{"line":311,"column":10},"end":{"line":311,"column":50}},"type":"binary-expr","locations":[{"start":{"line":311,"column":10},"end":{"line":311,"column":21}},{"start":{"line":311,"column":25},"end":{"line":311,"column":50}}]}},"s":{"0":6,"1":6,"2":6,"3":6,"4":1152,"5":1152,"6":1152,"7":3,"8":1149,"9":1149,"10":24,"11":2,"12":2,"13":7,"14":2,"15":3166,"16":3166,"17":2,"18":2,"19":6,"20":2,"21":2112,"22":2112,"23":2097,"24":0,"25":30,"26":2,"27":9816,"28":9816,"29":9816,"30":31,"31":31,"32":31,"33":806,"34":806,"35":473,"36":31,"37":1335,"38":1335,"39":1335,"40":2,"41":1333,"42":1,"43":1332,"44":1332,"45":17303,"46":17303,"47":1332,"48":1,"49":1331,"50":1331,"51":1331,"52":1331,"53":5152,"54":5152,"55":5152,"56":0,"57":1331,"58":1331,"59":33,"60":33,"61":33,"62":33,"63":33,"64":33,"65":121,"66":121,"67":103,"68":33,"69":0,"70":33,"71":17,"72":17,"73":17,"74":442,"75":442,"76":2158,"77":2158,"78":2158,"79":2158,"80":1266,"81":1266,"82":1266,"83":17,"84":1364,"85":17680,"86":17680,"87":1363,"88":1,"89":1,"90":1,"91":34983,"92":34983,"93":34983,"94":21776,"95":21776,"96":13207,"97":9336,"98":25647,"99":13449,"100":13449,"101":12198,"102":9144,"103":16503,"104":5840,"105":5840,"106":10663,"107":8980,"108":7523,"109":0,"110":7523,"111":7523,"112":15881,"113":7523,"114":17,"115":17,"116":1266,"117":55861,"118":1266,"119":1266,"120":17,"121":1054,"122":1054,"123":1,"124":1053,"125":1,"126":1052,"127":1052,"128":1052,"129":3,"130":1,"131":2,"132":2,"133":2,"134":1,"135":10,"136":1,"137":9,"138":1,"139":8,"140":53,"141":53,"142":1,"143":7,"144":1056,"145":1056,"146":251583,"147":1056,"148":2,"149":2,"150":6},"f":{"0":1152,"1":24,"2":2,"3":7,"4":3166,"5":2,"6":6,"7":2112,"8":2097,"9":0,"10":30,"11":2,"12":9816,"13":31,"14":806,"15":1335,"16":17303,"17":33,"18":17,"19":442,"20":1364,"21":34983,"22":15881,"23":17,"24":55861,"25":1054,"26":3,"27":1,"28":10,"29":1056,"30":251583,"31":2,"32":2},"b":{"0":[1],"1":[3],"2":[0],"3":[1],"4":[3166,0],"5":[2112,1773],"6":[9816,0],"7":[9816,9627,9129,9005,8749,8695],"8":[31,0],"9":[473],"10":[1335,0],"11":[1335,0],"12":[2],"13":[1335,1334],"14":[1],"15":[17303,1991],"16":[1],"17":[0],"18":[0],"19":[33,0],"20":[7,26],"21":[103],"22":[0],"23":[10],"24":[17,0],"25":[1266],"26":[2158,1694],"27":[1266],"28":[1266,1266],"29":[1363],"30":[17680,2036],"31":[21776,13207],"32":[9336],"33":[13449,12198],"34":[9144],"35":[5840,10663],"36":[8980],"37":[0],"38":[4027,3496],"39":[55861,1499],"40":[1266],"41":[1054,0],"42":[1],"43":[1],"44":[1],"45":[1],"46":[1],"47":[1],"48":[53,52]}}
,"/home/guy/code/git/github.com/ggcdevs/pente3d.ai/src/core/Line.ts": {"path":"/home/guy/code/git/github.com/ggcdevs/pente3d.ai/src/core/Line.ts","statementMap":{"0":{"start":{"line":2,"column":0},"end":{"line":2,"column":36}},"1":{"start":{"line":10,"column":4},"end":{"line":10,"column":29}},"2":{"start":{"line":5,"column":19},"end":{"line":5,"column":null}},"3":{"start":{"line":6,"column":18},"end":{"line":6,"column":null}},"4":{"start":{"line":7,"column":18},"end":{"line":7,"column":null}},"5":{"start":{"line":15,"column":4},"end":{"line":17,"column":5}},"6":{"start":{"line":16,"column":6},"end":{"line":16,"column":64}},"7":{"start":{"line":19,"column":4},"end":{"line":21,"column":5}},"8":{"start":{"line":20,"column":6},"end":{"line":20,"column":52}},"9":{"start":{"line":24,"column":4},"end":{"line":26,"column":6}},"10":{"start":{"line":25,"column":6},"end":{"line":25,"column":66}},"11":{"start":{"line":28,"column":4},"end":{"line":30,"column":38}},"12":{"start":{"line":33,"column":4},"end":{"line":33,"column":48}},"13":{"start":{"line":36,"column":4},"end":{"line":36,"column":30}},"14":{"start":{"line":41,"column":4},"end":{"line":43,"column":5}},"15":{"start":{"line":42,"column":6},"end":{"line":42,"column":76}},"16":{"start":{"line":45,"column":18},"end":{"line":45,"column":90}},"17":{"start":{"line":46,"column":19},"end":{"line":46,"column":91}},"18":{"start":{"line":47,"column":22},"end":{"line":47,"column":44}},"19":{"start":{"line":49,"column":4},"end":{"line":49,"column":39}},"20":{"start":{"line":54,"column":4},"end":{"line":54,"column":40}},"21":{"start":{"line":54,"column":33},"end":{"line":54,"column":40}},"22":{"start":{"line":56,"column":4},"end":{"line":61,"column":5}},"23":{"start":{"line":56,"column":17},"end":{"line":56,"column":18}},"24":{"start":{"line":57,"column":23},"end":{"line":57,"column":70}},"25":{"start":{"line":58,"column":6},"end":{"line":60,"column":7}},"26":{"start":{"line":59,"column":8},"end":{"line":59,"column":64}},"27":{"start":{"line":66,"column":19},"end":{"line":66,"column":79}},"28":{"start":{"line":67,"column":4},"end":{"line":67,"column":52}},"29":{"start":{"line":67,"column":34},"end":{"line":67,"column":50}},"30":{"start":{"line":71,"column":4},"end":{"line":71,"column":31}},"31":{"start":{"line":75,"column":4},"end":{"line":75,"column":27}},"32":{"start":{"line":79,"column":4},"end":{"line":79,"column":49}},"33":{"start":{"line":84,"column":22},"end":{"line":84,"column":55}},"34":{"start":{"line":85,"column":4},"end":{"line":85,"column":66}},"35":{"start":{"line":90,"column":22},"end":{"line":90,"column":62}},"36":{"start":{"line":91,"column":4},"end":{"line":91,"column":66}},"37":{"start":{"line":96,"column":4},"end":{"line":98,"column":5}},"38":{"start":{"line":97,"column":6},"end":{"line":97,"column":19}},"39":{"start":{"line":99,"column":4},"end":{"line":99,"column":61}},"40":{"start":{"line":99,"column":38},"end":{"line":99,"column":59}},"41":{"start":{"line":104,"column":21},"end":{"line":104,"column":69}},"42":{"start":{"line":104,"column":43},"end":{"line":104,"column":55}},"43":{"start":{"line":105,"column":4},"end":{"line":105,"column":31}},"44":{"start":{"line":109,"column":4},"end":{"line":113,"column":6}},"45":{"start":{"line":110,"column":36},"end":{"line":110,"column":46}},"46":{"start":{"line":117,"column":4},"end":{"line":120,"column":6}},"47":{"start":{"line":118,"column":28},"end":{"line":118,"column":37}},"48":{"start":{"line":4,"column":0},"end":{"line":4,"column":13}}},"fnMap":{"0":{"name":"(anonymous_0)","decl":{"start":{"line":9,"column":2},"end":{"line":9,"column":6}},"loc":{"start":{"line":9,"column":12},"end":{"line":11,"column":3}}},"1":{"name":"(anonymous_1)","decl":{"start":{"line":13,"column":2},"end":{"line":13,"column":14}},"loc":{"start":{"line":13,"column":75},"end":{"line":37,"column":3}}},"2":{"name":"(anonymous_2)","decl":{"start":{"line":24,"column":30},"end":{"line":24,"column":35}},"loc":{"start":{"line":25,"column":6},"end":{"line":25,"column":66}}},"3":{"name":"(anonymous_3)","decl":{"start":{"line":40,"column":2},"end":{"line":40,"column":8}},"loc":{"start":{"line":40,"column":50},"end":{"line":50,"column":3}}},"4":{"name":"(anonymous_4)","decl":{"start":{"line":53,"column":10},"end":{"line":53,"column":28}},"loc":{"start":{"line":53,"column":28},"end":{"line":62,"column":3}}},"5":{"name":"(anonymous_5)","decl":{"start":{"line":65,"column":2},"end":{"line":65,"column":10}},"loc":{"start":{"line":65,"column":36},"end":{"line":68,"column":3}}},"6":{"name":"(anonymous_6)","decl":{"start":{"line":67,"column":29},"end":{"line":67,"column":30}},"loc":{"start":{"line":67,"column":34},"end":{"line":67,"column":50}}},"7":{"name":"(anonymous_7)","decl":{"start":{"line":70,"column":2},"end":{"line":70,"column":11}},"loc":{"start":{"line":70,"column":11},"end":{"line":72,"column":3}}},"8":{"name":"(anonymous_8)","decl":{"start":{"line":74,"column":2},"end":{"line":74,"column":10}},"loc":{"start":{"line":74,"column":10},"end":{"line":76,"column":3}}},"9":{"name":"(anonymous_9)","decl":{"start":{"line":78,"column":2},"end":{"line":78,"column":8}},"loc":{"start":{"line":78,"column":8},"end":{"line":80,"column":3}}},"10":{"name":"(anonymous_10)","decl":{"start":{"line":83,"column":2},"end":{"line":83,"column":8}},"loc":{"start":{"line":83,"column":8},"end":{"line":86,"column":3}}},"11":{"name":"(anonymous_11)","decl":{"start":{"line":89,"column":2},"end":{"line":89,"column":16}},"loc":{"start":{"line":89,"column":16},"end":{"line":92,"column":3}}},"12":{"name":"(anonymous_12)","decl":{"start":{"line":95,"column":2},"end":{"line":95,"column":12}},"loc":{"start":{"line":95,"column":24},"end":{"line":100,"column":3}}},"13":{"name":"(anonymous_13)","decl":{"start":{"line":99,"column":29},"end":{"line":99,"column":34}},"loc":{"start":{"line":99,"column":38},"end":{"line":99,"column":59}}},"14":{"name":"(anonymous_14)","decl":{"start":{"line":103,"column":2},"end":{"line":103,"column":10}},"loc":{"start":{"line":103,"column":10},"end":{"line":106,"column":3}}},"15":{"name":"(anonymous_15)","decl":{"start":{"line":104,"column":38},"end":{"line":104,"column":39}},"loc":{"start":{"line":104,"column":43},"end":{"line":104,"column":55}}},"16":{"name":"(anonymous_16)","decl":{"start":{"line":108,"column":2},"end":{"line":108,"column":8}},"loc":{"start":{"line":108,"column":8},"end":{"line":114,"column":3}}},"17":{"name":"(anonymous_17)","decl":{"start":{"line":110,"column":31},"end":{"line":110,"column":32}},"loc":{"start":{"line":110,"column":36},"end":{"line":110,"column":46}}},"18":{"name":"(anonymous_18)","decl":{"start":{"line":116,"column":2},"end":{"line":116,"column":7}},"loc":{"start":{"line":116,"column":7},"end":{"line":121,"column":3}}},"19":{"name":"(anonymous_19)","decl":{"start":{"line":118,"column":23},"end":{"line":118,"column":24}},"loc":{"start":{"line":118,"column":28},"end":{"line":118,"column":37}}}},"branchMap":{"0":{"loc":{"start":{"line":15,"column":4},"end":{"line":17,"column":5}},"type":"if","locations":[{"start":{"line":15,"column":4},"end":{"line":17,"column":5}}]},"1":{"loc":{"start":{"line":15,"column":8},"end":{"line":15,"column":38}},"type":"binary-expr","locations":[{"start":{"line":15,"column":8},"end":{"line":15,"column":15}},{"start":{"line":15,"column":19},"end":{"line":15,"column":38}}]},"2":{"loc":{"start":{"line":19,"column":4},"end":{"line":21,"column":5}},"type":"if","locations":[{"start":{"line":19,"column":4},"end":{"line":21,"column":5}}]},"3":{"loc":{"start":{"line":25,"column":6},"end":{"line":25,"column":66}},"type":"cond-expr","locations":[{"start":{"line":25,"column":33},"end":{"line":25,"column":38}},{"start":{"line":25,"column":41},"end":{"line":25,"column":66}}]},"4":{"loc":{"start":{"line":28,"column":21},"end":{"line":30,"column":37}},"type":"cond-expr","locations":[{"start":{"line":29,"column":8},"end":{"line":29,"column":17}},{"start":{"line":30,"column":8},"end":{"line":30,"column":37}}]},"5":{"loc":{"start":{"line":41,"column":4},"end":{"line":43,"column":5}},"type":"if","locations":[{"start":{"line":41,"column":4},"end":{"line":43,"column":5}}]},"6":{"loc":{"start":{"line":45,"column":18},"end":{"line":45,"column":90}},"type":"cond-expr","locations":[{"start":{"line":45,"column":49},"end":{"line":45,"column":58}},{"start":{"line":45,"column":61},"end":{"line":45,"column":90}}]},"7":{"loc":{"start":{"line":46,"column":19},"end":{"line":46,"column":91}},"type":"cond-expr","locations":[{"start":{"line":46,"column":50},"end":{"line":46,"column":59}},{"start":{"line":46,"column":62},"end":{"line":46,"column":91}}]},"8":{"loc":{"start":{"line":54,"column":4},"end":{"line":54,"column":40}},"type":"if","locations":[{"start":{"line":54,"column":4},"end":{"line":54,"column":40}}]},"9":{"loc":{"start":{"line":58,"column":6},"end":{"line":60,"column":7}},"type":"if","locations":[{"start":{"line":58,"column":6},"end":{"line":60,"column":7}}]},"10":{"loc":{"start":{"line":66,"column":19},"end":{"line":66,"column":79}},"type":"cond-expr","locations":[{"start":{"line":66,"column":46},"end":{"line":66,"column":51}},{"start":{"line":66,"column":54},"end":{"line":66,"column":79}}]},"11":{"loc":{"start":{"line":96,"column":4},"end":{"line":98,"column":5}},"type":"if","locations":[{"start":{"line":96,"column":4},"end":{"line":98,"column":5}}]}},"s":{"0":6,"1":128,"2":1405,"3":1405,"4":1405,"5":1405,"6":1,"7":1404,"8":1,"9":1403,"10":6711,"11":1403,"12":1403,"13":1403,"14":27,"15":1,"16":26,"17":26,"18":26,"19":26,"20":1403,"21":4,"22":1399,"23":1399,"24":5308,"25":5308,"26":1,"27":267,"28":267,"29":764,"30":1528,"31":111804,"32":3080,"33":1,"34":1,"35":1,"36":1,"37":3,"38":1,"39":2,"40":4,"41":1,"42":3,"43":1,"44":3,"45":13,"46":1,"47":3,"48":6},"f":{"0":128,"1":1405,"2":6711,"3":27,"4":1403,"5":267,"6":764,"7":1528,"8":111804,"9":3080,"10":1,"11":1,"12":3,"13":4,"14":1,"15":3,"16":3,"17":13,"18":1,"19":3},"b":{"0":[1],"1":[1405,1405],"2":[1],"3":[6707,4],"4":[1401,2],"5":[1],"6":[26,0],"7":[26,0],"8":[4],"9":[1],"10":[267,0],"11":[1]}}
,"/home/guy/code/git/github.com/ggcdevs/pente3d.ai/src/core/Move.ts": {"path":"/home/guy/code/git/github.com/ggcdevs/pente3d.ai/src/core/Move.ts","statementMap":{"0":{"start":{"line":2,"column":0},"end":{"line":2,"column":36}},"1":{"start":{"line":3,"column":0},"end":{"line":3,"column":34}},"2":{"start":{"line":6,"column":18},"end":{"line":6,"column":null}},"3":{"start":{"line":7,"column":18},"end":{"line":7,"column":null}},"4":{"start":{"line":8,"column":18},"end":{"line":8,"column":null}},"5":{"start":{"line":9,"column":18},"end":{"line":9,"column":null}},"6":{"start":{"line":18,"column":4},"end":{"line":20,"column":5}},"7":{"start":{"line":19,"column":6},"end":{"line":19,"column":55}},"8":{"start":{"line":22,"column":4},"end":{"line":24,"column":5}},"9":{"start":{"line":23,"column":6},"end":{"line":23,"column":49}},"10":{"start":{"line":27,"column":4},"end":{"line":27,"column":82}},"11":{"start":{"line":28,"column":4},"end":{"line":32,"column":6}},"12":{"start":{"line":34,"column":4},"end":{"line":36,"column":6}},"13":{"start":{"line":35,"column":6},"end":{"line":35,"column":66}},"14":{"start":{"line":38,"column":4},"end":{"line":38,"column":45}},"15":{"start":{"line":41,"column":4},"end":{"line":43,"column":5}},"16":{"start":{"line":42,"column":6},"end":{"line":42,"column":58}},"17":{"start":{"line":48,"column":4},"end":{"line":48,"column":36}},"18":{"start":{"line":56,"column":4},"end":{"line":56,"column":52}},"19":{"start":{"line":61,"column":4},"end":{"line":61,"column":42}},"20":{"start":{"line":65,"column":4},"end":{"line":65,"column":38}},"21":{"start":{"line":69,"column":4},"end":{"line":69,"column":23}},"22":{"start":{"line":73,"column":4},"end":{"line":73,"column":23}},"23":{"start":{"line":78,"column":4},"end":{"line":97,"column":5}},"24":{"start":{"line":80,"column":6},"end":{"line":82,"column":7}},"25":{"start":{"line":81,"column":8},"end":{"line":81,"column":21}},"26":{"start":{"line":85,"column":6},"end":{"line":87,"column":7}},"27":{"start":{"line":86,"column":8},"end":{"line":86,"column":21}},"28":{"start":{"line":90,"column":6},"end":{"line":92,"column":7}},"29":{"start":{"line":91,"column":8},"end":{"line":91,"column":21}},"30":{"start":{"line":94,"column":6},"end":{"line":94,"column":18}},"31":{"start":{"line":96,"column":6},"end":{"line":96,"column":19}},"32":{"start":{"line":102,"column":4},"end":{"line":110,"column":6}},"33":{"start":{"line":108,"column":8},"end":{"line":108,"column":49}},"34":{"start":{"line":114,"column":24},"end":{"line":114,"column":87}},"35":{"start":{"line":115,"column":4},"end":{"line":115,"column":78}},"36":{"start":{"line":119,"column":4},"end":{"line":124,"column":6}},"37":{"start":{"line":123,"column":55},"end":{"line":123,"column":69}},"38":{"start":{"line":129,"column":4},"end":{"line":134,"column":6}},"39":{"start":{"line":132,"column":39},"end":{"line":132,"column":52}},"40":{"start":{"line":5,"column":0},"end":{"line":5,"column":13}}},"fnMap":{"0":{"name":"(anonymous_0)","decl":{"start":{"line":11,"column":2},"end":{"line":11,"column":null}},"loc":{"start":{"line":15,"column":22},"end":{"line":44,"column":3}}},"1":{"name":"(anonymous_1)","decl":{"start":{"line":34,"column":45},"end":{"line":34,"column":50}},"loc":{"start":{"line":35,"column":6},"end":{"line":35,"column":66}}},"2":{"name":"(anonymous_2)","decl":{"start":{"line":47,"column":2},"end":{"line":47,"column":8}},"loc":{"start":{"line":47,"column":74},"end":{"line":49,"column":3}}},"3":{"name":"(anonymous_3)","decl":{"start":{"line":51,"column":2},"end":{"line":51,"column":8}},"loc":{"start":{"line":54,"column":42},"end":{"line":57,"column":3}}},"4":{"name":"(anonymous_4)","decl":{"start":{"line":60,"column":2},"end":{"line":60,"column":11}},"loc":{"start":{"line":60,"column":11},"end":{"line":62,"column":3}}},"5":{"name":"(anonymous_5)","decl":{"start":{"line":64,"column":2},"end":{"line":64,"column":17}},"loc":{"start":{"line":64,"column":17},"end":{"line":66,"column":3}}},"6":{"name":"(anonymous_6)","decl":{"start":{"line":68,"column":2},"end":{"line":68,"column":11}},"loc":{"start":{"line":68,"column":11},"end":{"line":70,"column":3}}},"7":{"name":"(anonymous_7)","decl":{"start":{"line":72,"column":2},"end":{"line":72,"column":11}},"loc":{"start":{"line":72,"column":11},"end":{"line":74,"column":3}}},"8":{"name":"(anonymous_8)","decl":{"start":{"line":77,"column":2},"end":{"line":77,"column":9}},"loc":{"start":{"line":77,"column":9},"end":{"line":98,"column":3}}},"9":{"name":"(anonymous_9)","decl":{"start":{"line":101,"column":2},"end":{"line":101,"column":8}},"loc":{"start":{"line":101,"column":28},"end":{"line":111,"column":3}}},"10":{"name":"(anonymous_10)","decl":{"start":{"line":107,"column":32},"end":{"line":107,"column":33}},"loc":{"start":{"line":108,"column":8},"end":{"line":108,"column":49}}},"11":{"name":"(anonymous_11)","decl":{"start":{"line":113,"column":2},"end":{"line":113,"column":10}},"loc":{"start":{"line":113,"column":10},"end":{"line":116,"column":3}}},"12":{"name":"(anonymous_12)","decl":{"start":{"line":118,"column":2},"end":{"line":118,"column":8}},"loc":{"start":{"line":118,"column":8},"end":{"line":125,"column":3}}},"13":{"name":"(anonymous_13)","decl":{"start":{"line":123,"column":46},"end":{"line":123,"column":51}},"loc":{"start":{"line":123,"column":55},"end":{"line":123,"column":69}}},"14":{"name":"(anonymous_14)","decl":{"start":{"line":128,"column":2},"end":{"line":128,"column":7}},"loc":{"start":{"line":128,"column":7},"end":{"line":135,"column":3}}},"15":{"name":"(anonymous_15)","decl":{"start":{"line":132,"column":30},"end":{"line":132,"column":35}},"loc":{"start":{"line":132,"column":39},"end":{"line":132,"column":52}}}},"branchMap":{"0":{"loc":{"start":{"line":14,"column":4},"end":{"line":14,"column":47}},"type":"default-arg","locations":[{"start":{"line":14,"column":45},"end":{"line":14,"column":47}}]},"1":{"loc":{"start":{"line":18,"column":4},"end":{"line":20,"column":5}},"type":"if","locations":[{"start":{"line":18,"column":4},"end":{"line":20,"column":5}}]},"2":{"loc":{"start":{"line":22,"column":4},"end":{"line":24,"column":5}},"type":"if","locations":[{"start":{"line":22,"column":4},"end":{"line":24,"column":5}}]},"3":{"loc":{"start":{"line":27,"column":18},"end":{"line":27,"column":81}},"type":"cond-expr","locations":[{"start":{"line":27,"column":46},"end":{"line":27,"column":52}},{"start":{"line":27,"column":55},"end":{"line":27,"column":81}}]},"4":{"loc":{"start":{"line":28,"column":18},"end":{"line":31,"column":null}},"type":"cond-expr","locations":[{"start":{"line":28,"column":45},"end":{"line":28,"column":51}},{"start":{"line":28,"column":54},"end":{"line":31,"column":null}}]},"5":{"loc":{"start":{"line":35,"column":6},"end":{"line":35,"column":66}},"type":"cond-expr","locations":[{"start":{"line":35,"column":33},"end":{"line":35,"column":38}},{"start":{"line":35,"column":41},"end":{"line":35,"column":66}}]},"6":{"loc":{"start":{"line":38,"column":21},"end":{"line":38,"column":44}},"type":"binary-expr","locations":[{"start":{"line":38,"column":21},"end":{"line":38,"column":30}},{"start":{"line":38,"column":34},"end":{"line":38,"column":44}}]},"7":{"loc":{"start":{"line":41,"column":4},"end":{"line":43,"column":5}},"type":"if","locations":[{"start":{"line":41,"column":4},"end":{"line":43,"column":5}}]},"8":{"loc":{"start":{"line":41,"column":8},"end":{"line":41,"column":78}},"type":"binary-expr","locations":[{"start":{"line":41,"column":8},"end":{"line":41,"column":38}},{"start":{"line":41,"column":42},"end":{"line":41,"column":78}}]},"9":{"loc":{"start":{"line":80,"column":6},"end":{"line":82,"column":7}},"type":"if","locations":[{"start":{"line":80,"column":6},"end":{"line":82,"column":7}}]},"10":{"loc":{"start":{"line":80,"column":10},"end":{"line":80,"column":38}},"type":"binary-expr","locations":[{"start":{"line":80,"column":10},"end":{"line":80,"column":22}},{"start":{"line":80,"column":26},"end":{"line":80,"column":38}}]},"11":{"loc":{"start":{"line":85,"column":6},"end":{"line":87,"column":7}},"type":"if","locations":[{"start":{"line":85,"column":6},"end":{"line":87,"column":7}}]},"12":{"loc":{"start":{"line":85,"column":10},"end":{"line":85,"column":67}},"type":"binary-expr","locations":[{"start":{"line":85,"column":10},"end":{"line":85,"column":29}},{"start":{"line":85,"column":33},"end":{"line":85,"column":67}}]},"13":{"loc":{"start":{"line":90,"column":6},"end":{"line":92,"column":7}},"type":"if","locations":[{"start":{"line":90,"column":6},"end":{"line":92,"column":7}}]},"14":{"loc":{"start":{"line":103,"column":6},"end":{"line":108,"column":null}},"type":"binary-expr","locations":[{"start":{"line":103,"column":6},"end":{"line":103,"column":38}},{"start":{"line":104,"column":6},"end":{"line":104,"column":38}},{"start":{"line":105,"column":6},"end":{"line":105,"column":40}},{"start":{"line":106,"column":6},"end":{"line":106,"column":64}},{"start":{"line":107,"column":6},"end":{"line":108,"column":null}}]},"15":{"loc":{"start":{"line":114,"column":24},"end":{"line":114,"column":87}},"type":"cond-expr","locations":[{"start":{"line":114,"column":43},"end":{"line":114,"column":82}},{"start":{"line":114,"column":85},"end":{"line":114,"column":87}}]}},"s":{"0":6,"1":6,"2":35,"3":35,"4":35,"5":35,"6":35,"7":1,"8":34,"9":1,"10":33,"11":33,"12":33,"13":85,"14":33,"15":33,"16":1,"17":10,"18":11,"19":7,"20":4,"21":1,"22":1,"23":3,"24":3,"25":0,"26":3,"27":1,"28":2,"29":1,"30":1,"31":0,"32":4,"33":8,"34":2,"35":2,"36":1,"37":4,"38":1,"39":4,"40":6},"f":{"0":35,"1":85,"2":10,"3":11,"4":7,"5":4,"6":1,"7":1,"8":3,"9":4,"10":8,"11":2,"12":1,"13":4,"14":1,"15":4},"b":{"0":[14],"1":[1],"2":[1],"3":[32,1],"4":[32,1],"5":[85,0],"6":[33,26],"7":[1],"8":[33,18],"9":[0],"10":[3,3],"11":[1],"12":[3,3],"13":[1],"14":[4,3,3,2,2],"15":[1,1]}}
,"/home/guy/code/git/github.com/ggcdevs/pente3d.ai/src/core/Piece.ts": {"path":"/home/guy/code/git/github.com/ggcdevs/pente3d.ai/src/core/Piece.ts","statementMap":{"0":{"start":{"line":2,"column":0},"end":{"line":2,"column":36}},"1":{"start":{"line":3,"column":0},"end":{"line":3,"column":34}},"2":{"start":{"line":6,"column":18},"end":{"line":6,"column":null}},"3":{"start":{"line":7,"column":18},"end":{"line":7,"column":null}},"4":{"start":{"line":8,"column":18},"end":{"line":8,"column":null}},"5":{"start":{"line":9,"column":18},"end":{"line":9,"column":null}},"6":{"start":{"line":18,"column":4},"end":{"line":20,"column":5}},"7":{"start":{"line":19,"column":6},"end":{"line":19,"column":56}},"8":{"start":{"line":22,"column":4},"end":{"line":24,"column":5}},"9":{"start":{"line":23,"column":6},"end":{"line":23,"column":50}},"10":{"start":{"line":27,"column":4},"end":{"line":27,"column":82}},"11":{"start":{"line":28,"column":4},"end":{"line":32,"column":6}},"12":{"start":{"line":34,"column":4},"end":{"line":34,"column":35}},"13":{"start":{"line":35,"column":4},"end":{"line":35,"column":43}},"14":{"start":{"line":40,"column":4},"end":{"line":40,"column":44}},"15":{"start":{"line":44,"column":4},"end":{"line":44,"column":43}},"16":{"start":{"line":49,"column":4},"end":{"line":49,"column":23}},"17":{"start":{"line":53,"column":4},"end":{"line":53,"column":23}},"18":{"start":{"line":57,"column":4},"end":{"line":57,"column":53}},"19":{"start":{"line":62,"column":4},"end":{"line":62,"column":29}},"20":{"start":{"line":66,"column":4},"end":{"line":66,"column":38}},"21":{"start":{"line":70,"column":4},"end":{"line":70,"column":38}},"22":{"start":{"line":75,"column":4},"end":{"line":77,"column":5}},"23":{"start":{"line":76,"column":6},"end":{"line":76,"column":18}},"24":{"start":{"line":78,"column":4},"end":{"line":78,"column":68}},"25":{"start":{"line":82,"column":4},"end":{"line":84,"column":5}},"26":{"start":{"line":83,"column":6},"end":{"line":83,"column":18}},"27":{"start":{"line":85,"column":4},"end":{"line":85,"column":66}},"28":{"start":{"line":89,"column":19},"end":{"line":89,"column":91}},"29":{"start":{"line":90,"column":4},"end":{"line":90,"column":75}},"30":{"start":{"line":95,"column":4},"end":{"line":109,"column":5}},"31":{"start":{"line":97,"column":6},"end":{"line":99,"column":7}},"32":{"start":{"line":98,"column":8},"end":{"line":98,"column":21}},"33":{"start":{"line":102,"column":6},"end":{"line":104,"column":7}},"34":{"start":{"line":103,"column":8},"end":{"line":103,"column":21}},"35":{"start":{"line":106,"column":6},"end":{"line":106,"column":18}},"36":{"start":{"line":108,"column":6},"end":{"line":108,"column":19}},"37":{"start":{"line":114,"column":4},"end":{"line":118,"column":6}},"38":{"start":{"line":122,"column":17},"end":{"line":122,"column":61}},"39":{"start":{"line":123,"column":4},"end":{"line":123,"column":74}},"40":{"start":{"line":127,"column":4},"end":{"line":131,"column":6}},"41":{"start":{"line":136,"column":4},"end":{"line":141,"column":6}},"42":{"start":{"line":5,"column":0},"end":{"line":5,"column":13}}},"fnMap":{"0":{"name":"(anonymous_0)","decl":{"start":{"line":11,"column":2},"end":{"line":11,"column":null}},"loc":{"start":{"line":15,"column":21},"end":{"line":36,"column":3}}},"1":{"name":"(anonymous_1)","decl":{"start":{"line":39,"column":2},"end":{"line":39,"column":8}},"loc":{"start":{"line":39,"column":74},"end":{"line":41,"column":3}}},"2":{"name":"(anonymous_2)","decl":{"start":{"line":43,"column":2},"end":{"line":43,"column":8}},"loc":{"start":{"line":43,"column":77},"end":{"line":45,"column":3}}},"3":{"name":"(anonymous_3)","decl":{"start":{"line":48,"column":2},"end":{"line":48,"column":11}},"loc":{"start":{"line":48,"column":11},"end":{"line":50,"column":3}}},"4":{"name":"(anonymous_4)","decl":{"start":{"line":52,"column":2},"end":{"line":52,"column":11}},"loc":{"start":{"line":52,"column":11},"end":{"line":54,"column":3}}},"5":{"name":"(anonymous_5)","decl":{"start":{"line":56,"column":2},"end":{"line":56,"column":9}},"loc":{"start":{"line":56,"column":9},"end":{"line":58,"column":3}}},"6":{"name":"(anonymous_6)","decl":{"start":{"line":61,"column":2},"end":{"line":61,"column":13}},"loc":{"start":{"line":61,"column":13},"end":{"line":63,"column":3}}},"7":{"name":"(anonymous_7)","decl":{"start":{"line":65,"column":2},"end":{"line":65,"column":11}},"loc":{"start":{"line":65,"column":36},"end":{"line":67,"column":3}}},"8":{"name":"(anonymous_8)","decl":{"start":{"line":69,"column":2},"end":{"line":69,"column":6}},"loc":{"start":{"line":69,"column":33},"end":{"line":71,"column":3}}},"9":{"name":"(anonymous_9)","decl":{"start":{"line":74,"column":2},"end":{"line":74,"column":15}},"loc":{"start":{"line":74,"column":15},"end":{"line":79,"column":3}}},"10":{"name":"(anonymous_10)","decl":{"start":{"line":81,"column":2},"end":{"line":81,"column":15}},"loc":{"start":{"line":81,"column":15},"end":{"line":86,"column":3}}},"11":{"name":"(anonymous_11)","decl":{"start":{"line":88,"column":2},"end":{"line":88,"column":8}},"loc":{"start":{"line":88,"column":38},"end":{"line":91,"column":3}}},"12":{"name":"(anonymous_12)","decl":{"start":{"line":94,"column":2},"end":{"line":94,"column":9}},"loc":{"start":{"line":94,"column":9},"end":{"line":110,"column":3}}},"13":{"name":"(anonymous_13)","decl":{"start":{"line":113,"column":2},"end":{"line":113,"column":8}},"loc":{"start":{"line":113,"column":30},"end":{"line":119,"column":3}}},"14":{"name":"(anonymous_14)","decl":{"start":{"line":121,"column":2},"end":{"line":121,"column":10}},"loc":{"start":{"line":121,"column":10},"end":{"line":124,"column":3}}},"15":{"name":"(anonymous_15)","decl":{"start":{"line":126,"column":2},"end":{"line":126,"column":8}},"loc":{"start":{"line":126,"column":8},"end":{"line":132,"column":3}}},"16":{"name":"(anonymous_16)","decl":{"start":{"line":135,"column":2},"end":{"line":135,"column":7}},"loc":{"start":{"line":135,"column":7},"end":{"line":142,"column":3}}}},"branchMap":{"0":{"loc":{"start":{"line":14,"column":4},"end":{"line":14,"column":32}},"type":"default-arg","locations":[{"start":{"line":14,"column":27},"end":{"line":14,"column":32}}]},"1":{"loc":{"start":{"line":18,"column":4},"end":{"line":20,"column":5}},"type":"if","locations":[{"start":{"line":18,"column":4},"end":{"line":20,"column":5}}]},"2":{"loc":{"start":{"line":22,"column":4},"end":{"line":24,"column":5}},"type":"if","locations":[{"start":{"line":22,"column":4},"end":{"line":24,"column":5}}]},"3":{"loc":{"start":{"line":27,"column":18},"end":{"line":27,"column":81}},"type":"cond-expr","locations":[{"start":{"line":27,"column":46},"end":{"line":27,"column":52}},{"start":{"line":27,"column":55},"end":{"line":27,"column":81}}]},"4":{"loc":{"start":{"line":28,"column":18},"end":{"line":31,"column":null}},"type":"cond-expr","locations":[{"start":{"line":28,"column":45},"end":{"line":28,"column":51}},{"start":{"line":28,"column":54},"end":{"line":31,"column":null}}]},"5":{"loc":{"start":{"line":35,"column":20},"end":{"line":35,"column":42}},"type":"binary-expr","locations":[{"start":{"line":35,"column":20},"end":{"line":35,"column":28}},{"start":{"line":35,"column":32},"end":{"line":35,"column":42}}]},"6":{"loc":{"start":{"line":57,"column":11},"end":{"line":57,"column":52}},"type":"cond-expr","locations":[{"start":{"line":57,"column":30},"end":{"line":57,"column":41}},{"start":{"line":57,"column":44},"end":{"line":57,"column":52}}]},"7":{"loc":{"start":{"line":75,"column":4},"end":{"line":77,"column":5}},"type":"if","locations":[{"start":{"line":75,"column":4},"end":{"line":77,"column":5}}]},"8":{"loc":{"start":{"line":82,"column":4},"end":{"line":84,"column":5}},"type":"if","locations":[{"start":{"line":82,"column":4},"end":{"line":84,"column":5}}]},"9":{"loc":{"start":{"line":89,"column":19},"end":{"line":89,"column":91}},"type":"cond-expr","locations":[{"start":{"line":89,"column":50},"end":{"line":89,"column":59}},{"start":{"line":89,"column":62},"end":{"line":89,"column":91}}]},"10":{"loc":{"start":{"line":97,"column":6},"end":{"line":99,"column":7}},"type":"if","locations":[{"start":{"line":97,"column":6},"end":{"line":99,"column":7}}]},"11":{"loc":{"start":{"line":97,"column":10},"end":{"line":97,"column":38}},"type":"binary-expr","locations":[{"start":{"line":97,"column":10},"end":{"line":97,"column":22}},{"start":{"line":97,"column":26},"end":{"line":97,"column":38}}]},"12":{"loc":{"start":{"line":102,"column":6},"end":{"line":104,"column":7}},"type":"if","locations":[{"start":{"line":102,"column":6},"end":{"line":104,"column":7}}]},"13":{"loc":{"start":{"line":102,"column":10},"end":{"line":102,"column":65}},"type":"binary-expr","locations":[{"start":{"line":102,"column":10},"end":{"line":102,"column":28}},{"start":{"line":102,"column":32},"end":{"line":102,"column":65}}]},"14":{"loc":{"start":{"line":115,"column":6},"end":{"line":117,"column":44}},"type":"binary-expr","locations":[{"start":{"line":115,"column":6},"end":{"line":115,"column":38}},{"start":{"line":116,"column":6},"end":{"line":116,"column":38}},{"start":{"line":117,"column":6},"end":{"line":117,"column":44}}]},"15":{"loc":{"start":{"line":122,"column":17},"end":{"line":122,"column":61}},"type":"cond-expr","locations":[{"start":{"line":122,"column":36},"end":{"line":122,"column":47}},{"start":{"line":122,"column":50},"end":{"line":122,"column":61}}]}},"s":{"0":6,"1":6,"2":252690,"3":252690,"4":252690,"5":252690,"6":252690,"7":1,"8":252689,"9":1,"10":252688,"11":252688,"12":252688,"13":252688,"14":1077,"15":13,"16":1,"17":1,"18":2,"19":5,"20":2,"21":2,"22":4,"23":1,"24":3,"25":3,"26":1,"27":2,"28":3,"29":3,"30":3,"31":3,"32":1,"33":2,"34":1,"35":1,"36":0,"37":56,"38":2,"39":2,"40":7,"41":251584,"42":6},"f":{"0":252690,"1":1077,"2":13,"3":1,"4":1,"5":2,"6":5,"7":2,"8":2,"9":4,"10":3,"11":3,"12":3,"13":56,"14":2,"15":7,"16":251584},"b":{"0":[4],"1":[1],"2":[1],"3":[252682,6],"4":[252682,6],"5":[252688,1094],"6":[1,1],"7":[1],"8":[1],"9":[2,1],"10":[1],"11":[3,2],"12":[1],"13":[2,2],"14":[56,55,55],"15":[1,1]}}
,"/home/guy/code/git/github.com/ggcdevs/pente3d.ai/src/core/Player.ts": {"path":"/home/guy/code/git/github.com/ggcdevs/pente3d.ai/src/core/Player.ts","statementMap":{"0":{"start":{"line":4,"column":18},"end":{"line":4,"column":null}},"1":{"start":{"line":5,"column":18},"end":{"line":5,"column":null}},"2":{"start":{"line":6,"column":18},"end":{"line":6,"column":null}},"3":{"start":{"line":7,"column":10},"end":{"line":7,"column":null}},"4":{"start":{"line":8,"column":18},"end":{"line":8,"column":null}},"5":{"start":{"line":17,"column":4},"end":{"line":19,"column":5}},"6":{"start":{"line":18,"column":6},"end":{"line":18,"column":62}},"7":{"start":{"line":21,"column":4},"end":{"line":23,"column":5}},"8":{"start":{"line":22,"column":6},"end":{"line":22,"column":65}},"9":{"start":{"line":25,"column":4},"end":{"line":25,"column":24}},"10":{"start":{"line":26,"column":4},"end":{"line":26,"column":23}},"11":{"start":{"line":27,"column":4},"end":{"line":27,"column":27}},"12":{"start":{"line":28,"column":4},"end":{"line":28,"column":23}},"13":{"start":{"line":29,"column":4},"end":{"line":29,"column":37}},"14":{"start":{"line":34,"column":4},"end":{"line":34,"column":39}},"15":{"start":{"line":38,"column":4},"end":{"line":38,"column":54}},"16":{"start":{"line":43,"column":4},"end":{"line":43,"column":26}},"17":{"start":{"line":48,"column":4},"end":{"line":50,"column":5}},"18":{"start":{"line":49,"column":6},"end":{"line":49,"column":64}},"19":{"start":{"line":52,"column":22},"end":{"line":52,"column":34}},"20":{"start":{"line":53,"column":4},"end":{"line":53,"column":50}},"21":{"start":{"line":54,"column":4},"end":{"line":54,"column":21}},"22":{"start":{"line":58,"column":22},"end":{"line":58,"column":34}},"23":{"start":{"line":59,"column":4},"end":{"line":59,"column":28}},"24":{"start":{"line":60,"column":4},"end":{"line":60,"column":21}},"25":{"start":{"line":65,"column":4},"end":{"line":67,"column":5}},"26":{"start":{"line":66,"column":6},"end":{"line":66,"column":18}},"27":{"start":{"line":68,"column":4},"end":{"line":68,"column":31}},"28":{"start":{"line":73,"column":4},"end":{"line":73,"column":62}},"29":{"start":{"line":77,"column":4},"end":{"line":77,"column":75}},"30":{"start":{"line":81,"column":4},"end":{"line":86,"column":6}},"31":{"start":{"line":91,"column":19},"end":{"line":91,"column":83}},"32":{"start":{"line":92,"column":4},"end":{"line":92,"column":38}},"33":{"start":{"line":93,"column":4},"end":{"line":93,"column":18}},"34":{"start":{"line":3,"column":0},"end":{"line":3,"column":13}}},"fnMap":{"0":{"name":"(anonymous_0)","decl":{"start":{"line":10,"column":2},"end":{"line":10,"column":null}},"loc":{"start":{"line":14,"column":25},"end":{"line":30,"column":3}}},"1":{"name":"(anonymous_1)","decl":{"start":{"line":33,"column":2},"end":{"line":33,"column":8}},"loc":{"start":{"line":33,"column":51},"end":{"line":35,"column":3}}},"2":{"name":"(anonymous_2)","decl":{"start":{"line":37,"column":2},"end":{"line":37,"column":8}},"loc":{"start":{"line":37,"column":74},"end":{"line":39,"column":3}}},"3":{"name":"(anonymous_3)","decl":{"start":{"line":42,"column":2},"end":{"line":42,"column":6}},"loc":{"start":{"line":42,"column":14},"end":{"line":44,"column":3}}},"4":{"name":"(anonymous_4)","decl":{"start":{"line":47,"column":2},"end":{"line":47,"column":19}},"loc":{"start":{"line":47,"column":38},"end":{"line":55,"column":3}}},"5":{"name":"(anonymous_5)","decl":{"start":{"line":57,"column":2},"end":{"line":57,"column":15}},"loc":{"start":{"line":57,"column":15},"end":{"line":61,"column":3}}},"6":{"name":"(anonymous_6)","decl":{"start":{"line":64,"column":2},"end":{"line":64,"column":13}},"loc":{"start":{"line":64,"column":13},"end":{"line":69,"column":3}}},"7":{"name":"(anonymous_7)","decl":{"start":{"line":72,"column":2},"end":{"line":72,"column":8}},"loc":{"start":{"line":72,"column":32},"end":{"line":74,"column":3}}},"8":{"name":"(anonymous_8)","decl":{"start":{"line":76,"column":2},"end":{"line":76,"column":10}},"loc":{"start":{"line":76,"column":10},"end":{"line":78,"column":3}}},"9":{"name":"(anonymous_9)","decl":{"start":{"line":80,"column":2},"end":{"line":80,"column":8}},"loc":{"start":{"line":80,"column":8},"end":{"line":87,"column":3}}},"10":{"name":"(anonymous_10)","decl":{"start":{"line":90,"column":2},"end":{"line":90,"column":7}},"loc":{"start":{"line":90,"column":7},"end":{"line":94,"column":3}}}},"branchMap":{"0":{"loc":{"start":{"line":13,"column":4},"end":{"line":13,"column":27}},"type":"default-arg","locations":[{"start":{"line":13,"column":23},"end":{"line":13,"column":27}}]},"1":{"loc":{"start":{"line":17,"column":4},"end":{"line":19,"column":5}},"type":"if","locations":[{"start":{"line":17,"column":4},"end":{"line":19,"column":5}}]},"2":{"loc":{"start":{"line":17,"column":8},"end":{"line":17,"column":63}},"type":"binary-expr","locations":[{"start":{"line":17,"column":8},"end":{"line":17,"column":11}},{"start":{"line":17,"column":15},"end":{"line":17,"column":37}},{"start":{"line":17,"column":41},"end":{"line":17,"column":63}}]},"3":{"loc":{"start":{"line":21,"column":4},"end":{"line":23,"column":5}},"type":"if","locations":[{"start":{"line":21,"column":4},"end":{"line":23,"column":5}}]},"4":{"loc":{"start":{"line":47,"column":20},"end":{"line":47,"column":38}},"type":"default-arg","locations":[{"start":{"line":47,"column":37},"end":{"line":47,"column":38}}]},"5":{"loc":{"start":{"line":48,"column":4},"end":{"line":50,"column":5}},"type":"if","locations":[{"start":{"line":48,"column":4},"end":{"line":50,"column":5}}]},"6":{"loc":{"start":{"line":65,"column":4},"end":{"line":67,"column":5}},"type":"if","locations":[{"start":{"line":65,"column":4},"end":{"line":67,"column":5}}]},"7":{"loc":{"start":{"line":73,"column":11},"end":{"line":73,"column":61}},"type":"binary-expr","locations":[{"start":{"line":73,"column":11},"end":{"line":73,"column":31}},{"start":{"line":73,"column":35},"end":{"line":73,"column":61}}]}},"s":{"0":251750,"1":251750,"2":251750,"3":251750,"4":251750,"5":251750,"6":2,"7":251748,"8":1,"9":251747,"10":251747,"11":251747,"12":251747,"13":251747,"14":135,"15":3,"16":27,"17":8,"18":1,"19":7,"20":7,"21":7,"22":2,"23":2,"24":2,"25":3,"26":1,"27":2,"28":67,"29":1,"30":11,"31":251596,"32":251596,"33":251596,"34":7},"f":{"0":251750,"1":135,"2":3,"3":27,"4":8,"5":2,"6":3,"7":67,"8":1,"9":11,"10":251596},"b":{"0":[4],"1":[2],"2":[251750,251749,251749],"3":[1],"4":[1],"5":[1],"6":[1],"7":[67,65]}}
,"/home/guy/code/git/github.com/ggcdevs/pente3d.ai/src/core/Vector3.ts": {"path":"/home/guy/code/git/github.com/ggcdevs/pente3d.ai/src/core/Vector3.ts","statementMap":{"0":{"start":{"line":4,"column":18},"end":{"line":4,"column":null}},"1":{"start":{"line":5,"column":18},"end":{"line":5,"column":null}},"2":{"start":{"line":6,"column":18},"end":{"line":6,"column":null}},"3":{"start":{"line":10,"column":4},"end":{"line":12,"column":5}},"4":{"start":{"line":11,"column":6},"end":{"line":11,"column":68}},"5":{"start":{"line":14,"column":4},"end":{"line":14,"column":27}},"6":{"start":{"line":15,"column":4},"end":{"line":15,"column":27}},"7":{"start":{"line":16,"column":4},"end":{"line":16,"column":27}},"8":{"start":{"line":21,"column":4},"end":{"line":21,"column":56}},"9":{"start":{"line":25,"column":4},"end":{"line":25,"column":44}},"10":{"start":{"line":29,"column":4},"end":{"line":29,"column":32}},"11":{"start":{"line":34,"column":4},"end":{"line":34,"column":74}},"12":{"start":{"line":39,"column":4},"end":{"line":39,"column":77}},"13":{"start":{"line":43,"column":4},"end":{"line":43,"column":77}},"14":{"start":{"line":47,"column":4},"end":{"line":49,"column":5}},"15":{"start":{"line":48,"column":6},"end":{"line":48,"column":56}},"16":{"start":{"line":50,"column":4},"end":{"line":50,"column":74}},"17":{"start":{"line":55,"column":15},"end":{"line":55,"column":31}},"18":{"start":{"line":56,"column":15},"end":{"line":56,"column":31}},"19":{"start":{"line":57,"column":15},"end":{"line":57,"column":31}},"20":{"start":{"line":58,"column":4},"end":{"line":58,"column":50}},"21":{"start":{"line":62,"column":4},"end":{"line":62,"column":74}},"22":{"start":{"line":66,"column":16},"end":{"line":66,"column":32}},"23":{"start":{"line":67,"column":4},"end":{"line":69,"column":5}},"24":{"start":{"line":68,"column":6},"end":{"line":68,"column":28}},"25":{"start":{"line":71,"column":19},"end":{"line":71,"column":26}},"26":{"start":{"line":72,"column":4},"end":{"line":72,"column":74}},"27":{"start":{"line":77,"column":4},"end":{"line":77,"column":36}},"28":{"start":{"line":81,"column":4},"end":{"line":81,"column":54}},"29":{"start":{"line":85,"column":4},"end":{"line":85,"column":47}},"30":{"start":{"line":90,"column":4},"end":{"line":90,"column":47}},"31":{"start":{"line":3,"column":0},"end":{"line":3,"column":13}}},"fnMap":{"0":{"name":"(anonymous_0)","decl":{"start":{"line":8,"column":2},"end":{"line":8,"column":14}},"loc":{"start":{"line":8,"column":45},"end":{"line":17,"column":3}}},"1":{"name":"(anonymous_1)","decl":{"start":{"line":20,"column":2},"end":{"line":20,"column":8}},"loc":{"start":{"line":20,"column":38},"end":{"line":22,"column":3}}},"2":{"name":"(anonymous_2)","decl":{"start":{"line":24,"column":2},"end":{"line":24,"column":8}},"loc":{"start":{"line":24,"column":33},"end":{"line":26,"column":3}}},"3":{"name":"(anonymous_3)","decl":{"start":{"line":28,"column":2},"end":{"line":28,"column":8}},"loc":{"start":{"line":28,"column":13},"end":{"line":30,"column":3}}},"4":{"name":"(anonymous_4)","decl":{"start":{"line":33,"column":2},"end":{"line":33,"column":8}},"loc":{"start":{"line":33,"column":34},"end":{"line":35,"column":3}}},"5":{"name":"(anonymous_5)","decl":{"start":{"line":38,"column":2},"end":{"line":38,"column":5}},"loc":{"start":{"line":38,"column":31},"end":{"line":40,"column":3}}},"6":{"name":"(anonymous_6)","decl":{"start":{"line":42,"column":2},"end":{"line":42,"column":10}},"loc":{"start":{"line":42,"column":36},"end":{"line":44,"column":3}}},"7":{"name":"(anonymous_7)","decl":{"start":{"line":46,"column":2},"end":{"line":46,"column":10}},"loc":{"start":{"line":46,"column":25},"end":{"line":51,"column":3}}},"8":{"name":"(anonymous_8)","decl":{"start":{"line":54,"column":2},"end":{"line":54,"column":10}},"loc":{"start":{"line":54,"column":36},"end":{"line":59,"column":3}}},"9":{"name":"(anonymous_9)","decl":{"start":{"line":61,"column":2},"end":{"line":61,"column":11}},"loc":{"start":{"line":61,"column":11},"end":{"line":63,"column":3}}},"10":{"name":"(anonymous_10)","decl":{"start":{"line":65,"column":2},"end":{"line":65,"column":11}},"loc":{"start":{"line":65,"column":11},"end":{"line":73,"column":3}}},"11":{"name":"(anonymous_11)","decl":{"start":{"line":76,"column":2},"end":{"line":76,"column":9}},"loc":{"start":{"line":76,"column":9},"end":{"line":78,"column":3}}},"12":{"name":"(anonymous_12)","decl":{"start":{"line":80,"column":2},"end":{"line":80,"column":10}},"loc":{"start":{"line":80,"column":10},"end":{"line":82,"column":3}}},"13":{"name":"(anonymous_13)","decl":{"start":{"line":84,"column":2},"end":{"line":84,"column":8}},"loc":{"start":{"line":84,"column":8},"end":{"line":86,"column":3}}},"14":{"name":"(anonymous_14)","decl":{"start":{"line":89,"column":2},"end":{"line":89,"column":7}},"loc":{"start":{"line":89,"column":7},"end":{"line":91,"column":3}}}},"branchMap":{"0":{"loc":{"start":{"line":10,"column":4},"end":{"line":12,"column":5}},"type":"if","locations":[{"start":{"line":10,"column":4},"end":{"line":12,"column":5}}]},"1":{"loc":{"start":{"line":10,"column":8},"end":{"line":10,"column":73}},"type":"binary-expr","locations":[{"start":{"line":10,"column":8},"end":{"line":10,"column":27}},{"start":{"line":10,"column":31},"end":{"line":10,"column":50}},{"start":{"line":10,"column":54},"end":{"line":10,"column":73}}]},"2":{"loc":{"start":{"line":34,"column":11},"end":{"line":34,"column":73}},"type":"binary-expr","locations":[{"start":{"line":34,"column":11},"end":{"line":34,"column":29}},{"start":{"line":34,"column":33},"end":{"line":34,"column":51}},{"start":{"line":34,"column":55},"end":{"line":34,"column":73}}]},"3":{"loc":{"start":{"line":47,"column":4},"end":{"line":49,"column":5}},"type":"if","locations":[{"start":{"line":47,"column":4},"end":{"line":49,"column":5}}]},"4":{"loc":{"start":{"line":67,"column":4},"end":{"line":69,"column":5}},"type":"if","locations":[{"start":{"line":67,"column":4},"end":{"line":69,"column":5}}]}},"s":{"0":290957,"1":290957,"2":290957,"3":290957,"4":3,"5":290954,"6":290954,"7":290954,"8":1,"9":3719,"10":121,"11":71357,"12":13703,"13":3570,"14":9904,"15":2,"16":9902,"17":1,"18":1,"19":1,"20":1,"21":3,"22":2,"23":2,"24":1,"25":1,"26":1,"27":0,"28":174,"29":29,"30":258077,"31":7},"f":{"0":290957,"1":1,"2":3719,"3":121,"4":71357,"5":13703,"6":3570,"7":9904,"8":1,"9":3,"10":2,"11":0,"12":174,"13":29,"14":258077},"b":{"0":[3],"1":[290957,290956,290955],"2":[71357,22013,11456],"3":[2],"4":[1]}}
,"/home/guy/code/git/github.com/ggcdevs/pente3d.ai/src/core/WinResult.ts": {"path":"/home/guy/code/git/github.com/ggcdevs/pente3d.ai/src/core/WinResult.ts","statementMap":{"0":{"start":{"line":2,"column":0},"end":{"line":2,"column":34}},"1":{"start":{"line":3,"column":0},"end":{"line":3,"column":30}},"2":{"start":{"line":6,"column":18},"end":{"line":6,"column":null}},"3":{"start":{"line":7,"column":18},"end":{"line":7,"column":null}},"4":{"start":{"line":8,"column":18},"end":{"line":8,"column":null}},"5":{"start":{"line":15,"column":4},"end":{"line":17,"column":13}},"6":{"start":{"line":19,"column":4},"end":{"line":21,"column":13}},"7":{"start":{"line":23,"column":4},"end":{"line":23,"column":27}},"8":{"start":{"line":26,"column":4},"end":{"line":28,"column":5}},"9":{"start":{"line":27,"column":6},"end":{"line":27,"column":58}},"10":{"start":{"line":29,"column":4},"end":{"line":31,"column":5}},"11":{"start":{"line":30,"column":6},"end":{"line":30,"column":69}},"12":{"start":{"line":36,"column":4},"end":{"line":36,"column":27}},"13":{"start":{"line":40,"column":4},"end":{"line":40,"column":56}},"14":{"start":{"line":44,"column":4},"end":{"line":44,"column":51}},"15":{"start":{"line":49,"column":4},"end":{"line":49,"column":32}},"16":{"start":{"line":53,"column":4},"end":{"line":53,"column":44}},"17":{"start":{"line":57,"column":4},"end":{"line":57,"column":39}},"18":{"start":{"line":62,"column":4},"end":{"line":64,"column":5}},"19":{"start":{"line":63,"column":6},"end":{"line":63,"column":36}},"20":{"start":{"line":65,"column":4},"end":{"line":65,"column":67}},"21":{"start":{"line":69,"column":4},"end":{"line":73,"column":6}},"22":{"start":{"line":5,"column":0},"end":{"line":5,"column":13}}},"fnMap":{"0":{"name":"(anonymous_0)","decl":{"start":{"line":10,"column":2},"end":{"line":10,"column":null}},"loc":{"start":{"line":13,"column":55},"end":{"line":32,"column":3}}},"1":{"name":"(anonymous_1)","decl":{"start":{"line":35,"column":2},"end":{"line":35,"column":8}},"loc":{"start":{"line":35,"column":14},"end":{"line":37,"column":3}}},"2":{"name":"(anonymous_2)","decl":{"start":{"line":39,"column":2},"end":{"line":39,"column":8}},"loc":{"start":{"line":39,"column":64},"end":{"line":41,"column":3}}},"3":{"name":"(anonymous_3)","decl":{"start":{"line":43,"column":2},"end":{"line":43,"column":8}},"loc":{"start":{"line":43,"column":42},"end":{"line":45,"column":3}}},"4":{"name":"(anonymous_4)","decl":{"start":{"line":48,"column":2},"end":{"line":48,"column":7}},"loc":{"start":{"line":48,"column":7},"end":{"line":50,"column":3}}},"5":{"name":"(anonymous_5)","decl":{"start":{"line":52,"column":2},"end":{"line":52,"column":14}},"loc":{"start":{"line":52,"column":14},"end":{"line":54,"column":3}}},"6":{"name":"(anonymous_6)","decl":{"start":{"line":56,"column":2},"end":{"line":56,"column":12}},"loc":{"start":{"line":56,"column":12},"end":{"line":58,"column":3}}},"7":{"name":"(anonymous_7)","decl":{"start":{"line":61,"column":2},"end":{"line":61,"column":10}},"loc":{"start":{"line":61,"column":10},"end":{"line":66,"column":3}}},"8":{"name":"(anonymous_8)","decl":{"start":{"line":68,"column":2},"end":{"line":68,"column":8}},"loc":{"start":{"line":68,"column":8},"end":{"line":74,"column":3}}}},"branchMap":{"0":{"loc":{"start":{"line":11,"column":4},"end":{"line":11,"column":42}},"type":"default-arg","locations":[{"start":{"line":11,"column":38},"end":{"line":11,"column":42}}]},"1":{"loc":{"start":{"line":12,"column":4},"end":{"line":12,"column":43}},"type":"default-arg","locations":[{"start":{"line":12,"column":39},"end":{"line":12,"column":43}}]},"2":{"loc":{"start":{"line":13,"column":4},"end":{"line":13,"column":55}},"type":"default-arg","locations":[{"start":{"line":13,"column":51},"end":{"line":13,"column":55}}]},"3":{"loc":{"start":{"line":15,"column":18},"end":{"line":17,"column":12}},"type":"cond-expr","locations":[{"start":{"line":16,"column":9},"end":{"line":16,"column":96}},{"start":{"line":17,"column":8},"end":{"line":17,"column":12}}]},"4":{"loc":{"start":{"line":16,"column":9},"end":{"line":16,"column":96}},"type":"cond-expr","locations":[{"start":{"line":16,"column":36},"end":{"line":16,"column":42}},{"start":{"line":16,"column":45},"end":{"line":16,"column":96}}]},"5":{"loc":{"start":{"line":19,"column":23},"end":{"line":21,"column":12}},"type":"cond-expr","locations":[{"start":{"line":20,"column":9},"end":{"line":20,"column":104}},{"start":{"line":21,"column":8},"end":{"line":21,"column":12}}]},"6":{"loc":{"start":{"line":20,"column":9},"end":{"line":20,"column":104}},"type":"cond-expr","locations":[{"start":{"line":20,"column":39},"end":{"line":20,"column":50}},{"start":{"line":20,"column":53},"end":{"line":20,"column":104}}]},"7":{"loc":{"start":{"line":26,"column":4},"end":{"line":28,"column":5}},"type":"if","locations":[{"start":{"line":26,"column":4},"end":{"line":28,"column":5}}]},"8":{"loc":{"start":{"line":26,"column":8},"end":{"line":26,"column":36}},"type":"binary-expr","locations":[{"start":{"line":26,"column":8},"end":{"line":26,"column":19}},{"start":{"line":26,"column":23},"end":{"line":26,"column":36}}]},"9":{"loc":{"start":{"line":29,"column":4},"end":{"line":31,"column":5}},"type":"if","locations":[{"start":{"line":29,"column":4},"end":{"line":31,"column":5}}]},"10":{"loc":{"start":{"line":29,"column":8},"end":{"line":29,"column":61}},"type":"binary-expr","locations":[{"start":{"line":29,"column":8},"end":{"line":29,"column":40}},{"start":{"line":29,"column":44},"end":{"line":29,"column":61}}]},"11":{"loc":{"start":{"line":62,"column":4},"end":{"line":64,"column":5}},"type":"if","locations":[{"start":{"line":62,"column":4},"end":{"line":64,"column":5}}]},"12":{"loc":{"start":{"line":70,"column":14},"end":{"line":70,"column":55}},"type":"cond-expr","locations":[{"start":{"line":70,"column":28},"end":{"line":70,"column":48}},{"start":{"line":70,"column":51},"end":{"line":70,"column":55}}]},"13":{"loc":{"start":{"line":71,"column":19},"end":{"line":71,"column":70}},"type":"cond-expr","locations":[{"start":{"line":71,"column":38},"end":{"line":71,"column":63}},{"start":{"line":71,"column":66},"end":{"line":71,"column":70}}]}},"s":{"0":6,"1":6,"2":31,"3":31,"4":31,"5":31,"6":31,"7":31,"8":31,"9":1,"10":30,"11":2,"12":7,"13":8,"14":8,"15":13,"16":6,"17":6,"18":3,"19":1,"20":2,"21":2,"22":6},"f":{"0":31,"1":7,"2":8,"3":8,"4":13,"5":6,"6":6,"7":3,"8":2},"b":{"0":[8],"1":[8],"2":[8],"3":[22,9],"4":[21,1],"5":[10,21],"6":[9,1],"7":[1],"8":[31,22],"9":[2],"10":[30,12],"11":[1],"12":[1,1],"13":[1,1]}}
,"/home/guy/code/git/github.com/ggcdevs/pente3d.ai/src/core/index.ts": {"path":"/home/guy/code/git/github.com/ggcdevs/pente3d.ai/src/core/index.ts","statementMap":{"0":{"start":{"line":2,"column":0},"end":{"line":2,"column":9}},"1":{"start":{"line":2,"column":9},"end":{"line":2,"column":36}},"2":{"start":{"line":3,"column":0},"end":{"line":3,"column":9}},"3":{"start":{"line":3,"column":9},"end":{"line":3,"column":34}},"4":{"start":{"line":4,"column":0},"end":{"line":4,"column":9}},"5":{"start":{"line":4,"column":9},"end":{"line":4,"column":30}},"6":{"start":{"line":5,"column":0},"end":{"line":5,"column":9}},"7":{"start":{"line":5,"column":9},"end":{"line":5,"column":32}},"8":{"start":{"line":6,"column":0},"end":{"line":6,"column":9}},"9":{"start":{"line":6,"column":9},"end":{"line":6,"column":32}},"10":{"start":{"line":7,"column":0},"end":{"line":7,"column":9}},"11":{"start":{"line":7,"column":9},"end":{"line":7,"column":30}},"12":{"start":{"line":8,"column":0},"end":{"line":8,"column":9}},"13":{"start":{"line":8,"column":9},"end":{"line":8,"column":40}},"14":{"start":{"line":27,"column":0},"end":{"line":27,"column":9}},"15":{"start":{"line":27,"column":9},"end":{"line":27,"column":40}}},"fnMap":{"0":{"name":"(anonymous_0)","decl":{"start":{"line":2,"column":9},"end":{"line":2,"column":16}},"loc":{"start":{"line":2,"column":9},"end":{"line":2,"column":36}}},"1":{"name":"(anonymous_1)","decl":{"start":{"line":3,"column":9},"end":{"line":3,"column":15}},"loc":{"start":{"line":3,"column":9},"end":{"line":3,"column":34}}},"2":{"name":"(anonymous_2)","decl":{"start":{"line":4,"column":9},"end":{"line":4,"column":13}},"loc":{"start":{"line":4,"column":9},"end":{"line":4,"column":30}}},"3":{"name":"(anonymous_3)","decl":{"start":{"line":5,"column":9},"end":{"line":5,"column":14}},"loc":{"start":{"line":5,"column":9},"end":{"line":5,"column":32}}},"4":{"name":"(anonymous_4)","decl":{"start":{"line":6,"column":9},"end":{"line":6,"column":14}},"loc":{"start":{"line":6,"column":9},"end":{"line":6,"column":32}}},"5":{"name":"(anonymous_5)","decl":{"start":{"line":7,"column":9},"end":{"line":7,"column":13}},"loc":{"start":{"line":7,"column":9},"end":{"line":7,"column":30}}},"6":{"name":"(anonymous_6)","decl":{"start":{"line":8,"column":9},"end":{"line":8,"column":18}},"loc":{"start":{"line":8,"column":9},"end":{"line":8,"column":40}}},"7":{"name":"(anonymous_7)","decl":{"start":{"line":27,"column":9},"end":{"line":27,"column":22}},"loc":{"start":{"line":27,"column":9},"end":{"line":27,"column":40}}}},"branchMap":{},"s":{"0":6,"1":2114,"2":6,"3":122,"4":6,"5":40,"6":6,"7":1104,"8":6,"9":101,"10":6,"11":44,"12":6,"13":37,"14":6,"15":6},"f":{"0":2108,"1":116,"2":34,"3":1098,"4":95,"5":38,"6":31,"7":0},"b":{}}
,"/home/guy/code/git/github.com/ggcdevs/pente3d.ai/src/types/index.ts": {"path":"/home/guy/code/git/github.com/ggcdevs/pente3d.ai/src/types/index.ts","statementMap":{"0":{"start":{"line":51,"column":13},"end":{"line":83,"column":2}}},"fnMap":{},"branchMap":{},"s":{"0":6},"f":{},"b":{}}
}
