TN:
SF:src/core/Board.ts
FN:10,(anonymous_0)
FN:21,(anonymous_1)
FN:25,(anonymous_2)
FN:27,(anonymous_3)
FN:34,(anonymous_4)
FN:45,(anonymous_5)
FN:47,(anonymous_6)
FN:53,(anonymous_7)
FN:58,(anonymous_8)
FN:62,(anonymous_9)
FN:66,(anonymous_10)
FN:70,(anonymous_11)
FN:75,(anonymous_12)
FN:87,(anonymous_13)
FN:91,(anonymous_14)
FN:102,(anonymous_15)
FN:120,(anonymous_16)
FN:148,(anonymous_17)
FN:177,(anonymous_18)
FN:181,(anonymous_19)
FN:202,(anonymous_20)
FN:221,(anonymous_21)
FN:252,(anonymous_22)
FN:256,(anonymous_23)
FN:260,(anonymous_24)
FN:274,(anonymous_25)
FN:290,(anonymous_26)
FN:301,(anonymous_27)
FN:305,(anonymous_28)
FN:319,(anonymous_29)
FN:321,(anonymous_30)
FN:327,(anonymous_31)
FN:331,(anonymous_32)
FNF:33
FNH:32
FNDA:1152,(anonymous_0)
FNDA:24,(anonymous_1)
FNDA:2,(anonymous_2)
FNDA:7,(anonymous_3)
FNDA:3166,(anonymous_4)
FNDA:2,(anonymous_5)
FNDA:6,(anonymous_6)
FNDA:2112,(anonymous_7)
FNDA:2097,(anonymous_8)
FNDA:0,(anonymous_9)
FNDA:30,(anonymous_10)
FNDA:2,(anonymous_11)
FNDA:9816,(anonymous_12)
FNDA:31,(anonymous_13)
FNDA:806,(anonymous_14)
FNDA:1335,(anonymous_15)
FNDA:17303,(anonymous_16)
FNDA:33,(anonymous_17)
FNDA:17,(anonymous_18)
FNDA:442,(anonymous_19)
FNDA:1364,(anonymous_20)
FNDA:34983,(anonymous_21)
FNDA:15881,(anonymous_22)
FNDA:17,(anonymous_23)
FNDA:55861,(anonymous_24)
FNDA:1054,(anonymous_25)
FNDA:3,(anonymous_26)
FNDA:1,(anonymous_27)
FNDA:10,(anonymous_28)
FNDA:1056,(anonymous_29)
FNDA:251583,(anonymous_30)
FNDA:2,(anonymous_31)
FNDA:2,(anonymous_32)
DA:1,6
DA:2,6
DA:3,6
DA:4,6
DA:6,6
DA:7,1152
DA:8,1152
DA:12,1152
DA:13,3
DA:16,1149
DA:17,1149
DA:22,24
DA:26,2
DA:27,2
DA:28,7
DA:30,2
DA:35,3166
DA:36,3166
DA:46,2
DA:47,2
DA:48,6
DA:50,2
DA:54,2112
DA:55,2112
DA:59,2097
DA:63,0
DA:67,30
DA:71,2
DA:76,9816
DA:77,9816
DA:79,9816
DA:88,31
DA:89,31
DA:91,31
DA:92,806
DA:93,806
DA:94,473
DA:98,31
DA:103,1335
DA:104,1335
DA:107,1335
DA:108,2
DA:112,1333
DA:113,1
DA:117,1332
DA:120,1332
DA:121,17303
DA:122,17303
DA:125,1332
DA:126,1
DA:130,1331
DA:131,1331
DA:132,1331
DA:134,1331
DA:135,5152
DA:136,5152
DA:139,5152
DA:140,0
DA:143,1331
DA:145,1331
DA:153,33
DA:154,33
DA:157,33
DA:158,33
DA:161,33
DA:162,121
DA:163,121
DA:164,103
DA:169,33
DA:170,0
DA:173,33
DA:178,17
DA:179,17
DA:181,17
DA:183,442
DA:184,2158
DA:185,2158
DA:186,2158
DA:189,2158
DA:190,1266
DA:191,1266
DA:192,1266
DA:198,17
DA:204,1364
DA:205,17680
DA:206,17680
DA:207,1363
DA:212,1
DA:213,1
DA:214,1
DA:223,34983
DA:224,34983
DA:227,34983
DA:228,21776
DA:229,21776
DA:230,13207
DA:231,9336
DA:234,25647
DA:235,13449
DA:236,13449
DA:237,12198
DA:238,9144
DA:241,16503
DA:242,5840
DA:243,5840
DA:244,10663
DA:245,8980
DA:249,7523
DA:250,7523
DA:252,15881
DA:253,7523
DA:257,17
DA:259,17
DA:260,1266
DA:261,55861
DA:265,1266
DA:266,1266
DA:270,17
DA:275,1054
DA:277,1054
DA:278,1
DA:281,1053
DA:282,1
DA:285,1052
DA:286,1052
DA:287,1052
DA:291,3
DA:292,1
DA:295,2
DA:296,2
DA:297,2
DA:302,1
DA:306,10
DA:307,9
DA:309,8
DA:310,53
DA:311,53
DA:312,1
DA:316,7
DA:320,1056
DA:321,1056
DA:322,251583
DA:324,1056
DA:328,2
DA:332,2
LF:145
LH:142
BRDA:10,0,0,1
BRDA:12,1,0,3
BRDA:21,2,0,0
BRDA:25,3,0,1
BRDA:35,4,0,3166
BRDA:35,4,1,0
BRDA:55,5,0,2112
BRDA:55,5,1,1773
BRDA:76,6,0,9816
BRDA:76,6,1,0
BRDA:80,7,0,9816
BRDA:80,7,1,9627
BRDA:80,7,2,9129
BRDA:80,7,3,9005
BRDA:80,7,4,8749
BRDA:80,7,5,8695
BRDA:88,8,0,31
BRDA:88,8,1,0
BRDA:93,9,0,473
BRDA:103,10,0,1335
BRDA:103,10,1,0
BRDA:104,11,0,1335
BRDA:104,11,1,0
BRDA:107,12,0,2
BRDA:107,13,0,1335
BRDA:107,13,1,1334
BRDA:112,14,0,1
BRDA:122,15,0,17303
BRDA:122,15,1,1991
BRDA:125,16,0,1
BRDA:139,17,0,0
BRDA:151,18,0,0
BRDA:153,19,0,33
BRDA:153,19,1,0
BRDA:154,20,0,7
BRDA:154,20,1,26
BRDA:163,21,0,103
BRDA:169,22,0,0
BRDA:177,23,0,10
BRDA:178,24,0,17
BRDA:178,24,1,0
BRDA:189,25,0,1266
BRDA:189,26,0,2158
BRDA:189,26,1,1694
BRDA:191,27,0,1266
BRDA:191,28,0,1266
BRDA:191,28,1,1266
BRDA:206,29,0,1363
BRDA:206,30,0,17680
BRDA:206,30,1,2036
BRDA:227,31,0,21776
BRDA:227,31,1,13207
BRDA:230,32,0,9336
BRDA:234,33,0,13449
BRDA:234,33,1,12198
BRDA:237,34,0,9144
BRDA:241,35,0,5840
BRDA:241,35,1,10663
BRDA:244,36,0,8980
BRDA:249,37,0,0
BRDA:253,38,0,4027
BRDA:253,38,1,3496
BRDA:261,39,0,55861
BRDA:261,39,1,1499
BRDA:265,40,0,1266
BRDA:275,41,0,1054
BRDA:275,41,1,0
BRDA:277,42,0,1
BRDA:281,43,0,1
BRDA:291,44,0,1
BRDA:306,45,0,1
BRDA:307,46,0,1
BRDA:311,47,0,1
BRDA:311,48,0,53
BRDA:311,48,1,52
BRF:75
BRH:62
end_of_record
TN:
SF:src/core/Line.ts
FN:9,(anonymous_0)
FN:13,(anonymous_1)
FN:24,(anonymous_2)
FN:40,(anonymous_3)
FN:53,(anonymous_4)
FN:65,(anonymous_5)
FN:67,(anonymous_6)
FN:70,(anonymous_7)
FN:74,(anonymous_8)
FN:78,(anonymous_9)
FN:83,(anonymous_10)
FN:89,(anonymous_11)
FN:95,(anonymous_12)
FN:99,(anonymous_13)
FN:103,(anonymous_14)
FN:104,(anonymous_15)
FN:108,(anonymous_16)
FN:110,(anonymous_17)
FN:116,(anonymous_18)
FN:118,(anonymous_19)
FNF:20
FNH:20
FNDA:128,(anonymous_0)
FNDA:1405,(anonymous_1)
FNDA:6711,(anonymous_2)
FNDA:27,(anonymous_3)
FNDA:1403,(anonymous_4)
FNDA:267,(anonymous_5)
FNDA:764,(anonymous_6)
FNDA:1528,(anonymous_7)
FNDA:111804,(anonymous_8)
FNDA:3080,(anonymous_9)
FNDA:1,(anonymous_10)
FNDA:1,(anonymous_11)
FNDA:3,(anonymous_12)
FNDA:4,(anonymous_13)
FNDA:1,(anonymous_14)
FNDA:3,(anonymous_15)
FNDA:3,(anonymous_16)
FNDA:13,(anonymous_17)
FNDA:1,(anonymous_18)
FNDA:3,(anonymous_19)
DA:2,6
DA:4,6
DA:5,1405
DA:6,1405
DA:7,1405
DA:10,128
DA:15,1405
DA:16,1
DA:19,1404
DA:20,1
DA:24,1403
DA:25,6711
DA:28,1403
DA:33,1403
DA:36,1403
DA:41,27
DA:42,1
DA:45,26
DA:46,26
DA:47,26
DA:49,26
DA:54,1403
DA:56,1399
DA:57,5308
DA:58,5308
DA:59,1
DA:66,267
DA:67,764
DA:71,1528
DA:75,111804
DA:79,3080
DA:84,1
DA:85,1
DA:90,1
DA:91,1
DA:96,3
DA:97,1
DA:99,4
DA:104,3
DA:105,1
DA:109,3
DA:110,13
DA:117,1
DA:118,3
LF:44
LH:44
BRDA:15,0,0,1
BRDA:15,1,0,1405
BRDA:15,1,1,1405
BRDA:19,2,0,1
BRDA:25,3,0,6707
BRDA:25,3,1,4
BRDA:28,4,0,1401
BRDA:28,4,1,2
BRDA:41,5,0,1
BRDA:45,6,0,26
BRDA:45,6,1,0
BRDA:46,7,0,26
BRDA:46,7,1,0
BRDA:54,8,0,4
BRDA:58,9,0,1
BRDA:66,10,0,267
BRDA:66,10,1,0
BRDA:96,11,0,1
BRF:18
BRH:15
end_of_record
TN:
SF:src/core/Move.ts
FN:11,(anonymous_0)
FN:34,(anonymous_1)
FN:47,(anonymous_2)
FN:51,(anonymous_3)
FN:60,(anonymous_4)
FN:64,(anonymous_5)
FN:68,(anonymous_6)
FN:72,(anonymous_7)
FN:77,(anonymous_8)
FN:101,(anonymous_9)
FN:107,(anonymous_10)
FN:113,(anonymous_11)
FN:118,(anonymous_12)
FN:123,(anonymous_13)
FN:128,(anonymous_14)
FN:132,(anonymous_15)
FNF:16
FNH:16
FNDA:35,(anonymous_0)
FNDA:85,(anonymous_1)
FNDA:10,(anonymous_2)
FNDA:11,(anonymous_3)
FNDA:7,(anonymous_4)
FNDA:4,(anonymous_5)
FNDA:1,(anonymous_6)
FNDA:1,(anonymous_7)
FNDA:3,(anonymous_8)
FNDA:4,(anonymous_9)
FNDA:8,(anonymous_10)
FNDA:2,(anonymous_11)
FNDA:1,(anonymous_12)
FNDA:4,(anonymous_13)
FNDA:1,(anonymous_14)
FNDA:4,(anonymous_15)
DA:2,6
DA:3,6
DA:5,6
DA:6,35
DA:7,35
DA:8,35
DA:9,35
DA:18,35
DA:19,1
DA:22,34
DA:23,1
DA:27,33
DA:28,33
DA:34,33
DA:35,85
DA:38,33
DA:41,33
DA:42,1
DA:48,10
DA:56,11
DA:61,7
DA:65,4
DA:69,1
DA:73,1
DA:78,3
DA:80,3
DA:81,0
DA:85,3
DA:86,1
DA:90,2
DA:91,1
DA:94,1
DA:96,0
DA:102,4
DA:108,8
DA:114,2
DA:115,2
DA:119,1
DA:123,4
DA:129,1
DA:132,4
LF:41
LH:39
BRDA:14,0,0,14
BRDA:18,1,0,1
BRDA:22,2,0,1
BRDA:27,3,0,32
BRDA:27,3,1,1
BRDA:28,4,0,32
BRDA:28,4,1,1
BRDA:35,5,0,85
BRDA:35,5,1,0
BRDA:38,6,0,33
BRDA:38,6,1,26
BRDA:41,7,0,1
BRDA:41,8,0,33
BRDA:41,8,1,18
BRDA:80,9,0,0
BRDA:80,10,0,3
BRDA:80,10,1,3
BRDA:85,11,0,1
BRDA:85,12,0,3
BRDA:85,12,1,3
BRDA:90,13,0,1
BRDA:103,14,0,4
BRDA:103,14,1,3
BRDA:103,14,2,3
BRDA:103,14,3,2
BRDA:103,14,4,2
BRDA:114,15,0,1
BRDA:114,15,1,1
BRF:28
BRH:26
end_of_record
TN:
SF:src/core/Piece.ts
FN:11,(anonymous_0)
FN:39,(anonymous_1)
FN:43,(anonymous_2)
FN:48,(anonymous_3)
FN:52,(anonymous_4)
FN:56,(anonymous_5)
FN:61,(anonymous_6)
FN:65,(anonymous_7)
FN:69,(anonymous_8)
FN:74,(anonymous_9)
FN:81,(anonymous_10)
FN:88,(anonymous_11)
FN:94,(anonymous_12)
FN:113,(anonymous_13)
FN:121,(anonymous_14)
FN:126,(anonymous_15)
FN:135,(anonymous_16)
FNF:17
FNH:17
FNDA:252690,(anonymous_0)
FNDA:1077,(anonymous_1)
FNDA:13,(anonymous_2)
FNDA:1,(anonymous_3)
FNDA:1,(anonymous_4)
FNDA:2,(anonymous_5)
FNDA:5,(anonymous_6)
FNDA:2,(anonymous_7)
FNDA:2,(anonymous_8)
FNDA:4,(anonymous_9)
FNDA:3,(anonymous_10)
FNDA:3,(anonymous_11)
FNDA:3,(anonymous_12)
FNDA:56,(anonymous_13)
FNDA:2,(anonymous_14)
FNDA:7,(anonymous_15)
FNDA:251584,(anonymous_16)
DA:2,6
DA:3,6
DA:5,6
DA:6,252690
DA:7,252690
DA:8,252690
DA:9,252690
DA:18,252690
DA:19,1
DA:22,252689
DA:23,1
DA:27,252688
DA:28,252688
DA:34,252688
DA:35,252688
DA:40,1077
DA:44,13
DA:49,1
DA:53,1
DA:57,2
DA:62,5
DA:66,2
DA:70,2
DA:75,4
DA:76,1
DA:78,3
DA:82,3
DA:83,1
DA:85,2
DA:89,3
DA:90,3
DA:95,3
DA:97,3
DA:98,1
DA:102,2
DA:103,1
DA:106,1
DA:108,0
DA:114,56
DA:122,2
DA:123,2
DA:127,7
DA:136,251584
LF:43
LH:42
BRDA:14,0,0,4
BRDA:18,1,0,1
BRDA:22,2,0,1
BRDA:27,3,0,252682
BRDA:27,3,1,6
BRDA:28,4,0,252682
BRDA:28,4,1,6
BRDA:35,5,0,252688
BRDA:35,5,1,1094
BRDA:57,6,0,1
BRDA:57,6,1,1
BRDA:75,7,0,1
BRDA:82,8,0,1
BRDA:89,9,0,2
BRDA:89,9,1,1
BRDA:97,10,0,1
BRDA:97,11,0,3
BRDA:97,11,1,2
BRDA:102,12,0,1
BRDA:102,13,0,2
BRDA:102,13,1,2
BRDA:115,14,0,56
BRDA:115,14,1,55
BRDA:115,14,2,55
BRDA:122,15,0,1
BRDA:122,15,1,1
BRF:26
BRH:26
end_of_record
TN:
SF:src/core/Player.ts
FN:10,(anonymous_0)
FN:33,(anonymous_1)
FN:37,(anonymous_2)
FN:42,(anonymous_3)
FN:47,(anonymous_4)
FN:57,(anonymous_5)
FN:64,(anonymous_6)
FN:72,(anonymous_7)
FN:76,(anonymous_8)
FN:80,(anonymous_9)
FN:90,(anonymous_10)
FNF:11
FNH:11
FNDA:251750,(anonymous_0)
FNDA:135,(anonymous_1)
FNDA:3,(anonymous_2)
FNDA:27,(anonymous_3)
FNDA:8,(anonymous_4)
FNDA:2,(anonymous_5)
FNDA:3,(anonymous_6)
FNDA:67,(anonymous_7)
FNDA:1,(anonymous_8)
FNDA:11,(anonymous_9)
FNDA:251596,(anonymous_10)
DA:3,7
DA:4,251750
DA:5,251750
DA:6,251750
DA:7,251750
DA:8,251750
DA:17,251750
DA:18,2
DA:21,251748
DA:22,1
DA:25,251747
DA:26,251747
DA:27,251747
DA:28,251747
DA:29,251747
DA:34,135
DA:38,3
DA:43,27
DA:48,8
DA:49,1
DA:52,7
DA:53,7
DA:54,7
DA:58,2
DA:59,2
DA:60,2
DA:65,3
DA:66,1
DA:68,2
DA:73,67
DA:77,1
DA:81,11
DA:91,251596
DA:92,251596
DA:93,251596
LF:35
LH:35
BRDA:13,0,0,4
BRDA:17,1,0,2
BRDA:17,2,0,251750
BRDA:17,2,1,251749
BRDA:17,2,2,251749
BRDA:21,3,0,1
BRDA:47,4,0,1
BRDA:48,5,0,1
BRDA:65,6,0,1
BRDA:73,7,0,67
BRDA:73,7,1,65
BRF:11
BRH:11
end_of_record
TN:
SF:src/core/Vector3.ts
FN:8,(anonymous_0)
FN:20,(anonymous_1)
FN:24,(anonymous_2)
FN:28,(anonymous_3)
FN:33,(anonymous_4)
FN:38,(anonymous_5)
FN:42,(anonymous_6)
FN:46,(anonymous_7)
FN:54,(anonymous_8)
FN:61,(anonymous_9)
FN:65,(anonymous_10)
FN:76,(anonymous_11)
FN:80,(anonymous_12)
FN:84,(anonymous_13)
FN:89,(anonymous_14)
FNF:15
FNH:14
FNDA:290957,(anonymous_0)
FNDA:1,(anonymous_1)
FNDA:3719,(anonymous_2)
FNDA:121,(anonymous_3)
FNDA:71357,(anonymous_4)
FNDA:13703,(anonymous_5)
FNDA:3570,(anonymous_6)
FNDA:9904,(anonymous_7)
FNDA:1,(anonymous_8)
FNDA:3,(anonymous_9)
FNDA:2,(anonymous_10)
FNDA:0,(anonymous_11)
FNDA:174,(anonymous_12)
FNDA:29,(anonymous_13)
FNDA:258077,(anonymous_14)
DA:3,7
DA:4,290957
DA:5,290957
DA:6,290957
DA:10,290957
DA:11,3
DA:14,290954
DA:15,290954
DA:16,290954
DA:21,1
DA:25,3719
DA:29,121
DA:34,71357
DA:39,13703
DA:43,3570
DA:47,9904
DA:48,2
DA:50,9902
DA:55,1
DA:56,1
DA:57,1
DA:58,1
DA:62,3
DA:66,2
DA:67,2
DA:68,1
DA:71,1
DA:72,1
DA:77,0
DA:81,174
DA:85,29
DA:90,258077
LF:32
LH:31
BRDA:10,0,0,3
BRDA:10,1,0,290957
BRDA:10,1,1,290956
BRDA:10,1,2,290955
BRDA:34,2,0,71357
BRDA:34,2,1,22013
BRDA:34,2,2,11456
BRDA:47,3,0,2
BRDA:67,4,0,1
BRF:9
BRH:9
end_of_record
TN:
SF:src/core/WinResult.ts
FN:10,(anonymous_0)
FN:35,(anonymous_1)
FN:39,(anonymous_2)
FN:43,(anonymous_3)
FN:48,(anonymous_4)
FN:52,(anonymous_5)
FN:56,(anonymous_6)
FN:61,(anonymous_7)
FN:68,(anonymous_8)
FNF:9
FNH:9
FNDA:31,(anonymous_0)
FNDA:7,(anonymous_1)
FNDA:8,(anonymous_2)
FNDA:8,(anonymous_3)
FNDA:13,(anonymous_4)
FNDA:6,(anonymous_5)
FNDA:6,(anonymous_6)
FNDA:3,(anonymous_7)
FNDA:2,(anonymous_8)
DA:2,6
DA:3,6
DA:5,6
DA:6,31
DA:7,31
DA:8,31
DA:15,31
DA:19,31
DA:23,31
DA:26,31
DA:27,1
DA:29,30
DA:30,2
DA:36,7
DA:40,8
DA:44,8
DA:49,13
DA:53,6
DA:57,6
DA:62,3
DA:63,1
DA:65,2
DA:69,2
LF:23
LH:23
BRDA:11,0,0,8
BRDA:12,1,0,8
BRDA:13,2,0,8
BRDA:15,3,0,22
BRDA:15,3,1,9
BRDA:16,4,0,21
BRDA:16,4,1,1
BRDA:19,5,0,10
BRDA:19,5,1,21
BRDA:20,6,0,9
BRDA:20,6,1,1
BRDA:26,7,0,1
BRDA:26,8,0,31
BRDA:26,8,1,22
BRDA:29,9,0,2
BRDA:29,10,0,30
BRDA:29,10,1,12
BRDA:62,11,0,1
BRDA:70,12,0,1
BRDA:70,12,1,1
BRDA:71,13,0,1
BRDA:71,13,1,1
BRF:22
BRH:22
end_of_record
TN:
SF:src/core/index.ts
FN:2,(anonymous_0)
FN:3,(anonymous_1)
FN:4,(anonymous_2)
FN:5,(anonymous_3)
FN:6,(anonymous_4)
FN:7,(anonymous_5)
FN:8,(anonymous_6)
FN:27,(anonymous_7)
FNF:8
FNH:7
FNDA:2108,(anonymous_0)
FNDA:116,(anonymous_1)
FNDA:34,(anonymous_2)
FNDA:1098,(anonymous_3)
FNDA:95,(anonymous_4)
FNDA:38,(anonymous_5)
FNDA:31,(anonymous_6)
FNDA:0,(anonymous_7)
DA:2,2114
DA:3,122
DA:4,40
DA:5,1104
DA:6,101
DA:7,44
DA:8,37
DA:27,6
LF:8
LH:8
BRF:0
BRH:0
end_of_record
TN:
SF:src/types/index.ts
FNF:0
FNH:0
DA:51,6
LF:1
LH:1
BRF:0
BRH:0
end_of_record
